Using pre-set license
Built from '2020.3/staging' branch; Version is '2020.3.10f1 (297d780c91bc) revision 2719096'; Using compiler version '192528614'; Build Type 'Release'
OS: 'Windows 10 Pro; OS build 19043.1466; Version 2009; 64bit' Language: 'ko' Physical Memory: 16348 MB
BatchMode: 1, IsHumanControllingUs: 0, StartBugReporterOnCrash: 0, Is64bit: 1, IsPro: 0

 COMMAND LINE ARGUMENTS:
D:\Unity\2020.3.10f1\Editor\Unity.exe
-adb2
-batchMode
-noUpm
-name
AssetImportWorker10
-projectPath
D:/Project/Individual/Unity Project/RPG
-logFile
Logs/AssetImportWorker10.log
-srvPort
4363
Successfully changed project path to: D:/Project/Individual/Unity Project/RPG
D:/Project/Individual/Unity Project/RPG
Using Asset Import Pipeline V2.
Refreshing native plugins compatible for Editor in 414.35 ms, found 2 plugins.
Preloading 0 native plugins for Editor in 0.00 ms.
Initialize engine version: 2020.3.10f1 (297d780c91bc)
[Subsystems] Discovering subsystems at path D:/Unity/2020.3.10f1/Editor/Data/Resources/UnitySubsystems
[Subsystems] Discovering subsystems at path D:/Project/Individual/Unity Project/RPG/Assets
GfxDevice: creating device client; threaded=0
Direct3D:
    Version:  Direct3D 11.0 [level 11.1]
    Renderer: NVIDIA GeForce GTX 1060 3GB (ID=0x1c02)
    Vendor:   
    VRAM:     2988 MB
    Driver:   27.21.14.5671
Initialize mono
Mono path[0] = 'D:/Unity/2020.3.10f1/Editor/Data/Managed'
Mono path[1] = 'D:/Unity/2020.3.10f1/Editor/Data/MonoBleedingEdge/lib/mono/unityjit'
Mono config path = 'D:/Unity/2020.3.10f1/Editor/Data/MonoBleedingEdge/etc'
Using monoOptions --debugger-agent=transport=dt_socket,embedding=1,server=y,suspend=n,address=127.0.0.1:56724
Begin MonoManager ReloadAssembly
Registering precompiled unity dll's ...
Register platform support module: D:/Unity/2020.3.10f1/Editor/Data/PlaybackEngines/WindowsStandaloneSupport/UnityEditor.WindowsStandalone.Extensions.dll
Registered in 0.001273 seconds.
Native extension for WindowsStandalone target not found
Refreshing native plugins compatible for Editor in 142.52 ms, found 2 plugins.
Preloading 0 native plugins for Editor in 0.00 ms.
Mono: successfully reloaded assembly
- Completed reload, in  5.952 seconds
Platform modules already initialized, skipping
Registering precompiled user dll's ...
Registered in 0.053451 seconds.
Begin MonoManager ReloadAssembly
Native extension for WindowsStandalone target not found
Refreshing native plugins compatible for Editor in 0.35 ms, found 2 plugins.
Preloading 0 native plugins for Editor in 0.00 ms.
Mono: successfully reloaded assembly
- Completed reload, in  6.882 seconds
Platform modules already initialized, skipping
========================================================================
Worker process is ready to serve import requests
Launched and connected shader compiler UnityShaderCompiler.exe after 0.90 seconds
Refreshing native plugins compatible for Editor in 0.34 ms, found 2 plugins.
Preloading 0 native plugins for Editor in 0.00 ms.
Unloading 1422 Unused Serialized files (Serialized files now loaded: 0)
System memory in use before: 86.3 MB.
System memory in use after: 86.3 MB.

Unloading 19 unused Assets to reduce memory usage. Loaded Objects now: 1883.
Total: 2.110700 ms (FindLiveObjects: 0.184000 ms CreateObjectMapping: 0.053900 ms MarkObjects: 1.523800 ms  DeleteObjects: 0.348100 ms)

========================================================================
Received Import Request.
  path: Assets/Prefabs/image.png
  artifactKey: Guid(6c535fb465206584297731849c822066) Importer(815301076,1909f56bfc062723c751e8b465ee728b)
Start importing Assets/Prefabs/image.png using Guid(6c535fb465206584297731849c822066) Importer(815301076,1909f56bfc062723c751e8b465ee728b)  -> (artifact id: '5b45f84a24efcd2590a78d591ff9d32b') in 1.964840 seconds
  Import took 1.969575 seconds .

========================================================================
Received Import Request.
  Time since last request: 0.000283 seconds.
  path: Assets/Prefabs/defaultBullet.prefab
  artifactKey: Guid(2080bfba89b3aa0408e6f307aa7f100d) Importer(815301076,1909f56bfc062723c751e8b465ee728b)
Start importing Assets/Prefabs/defaultBullet.prefab using Guid(2080bfba89b3aa0408e6f307aa7f100d) Importer(815301076,1909f56bfc062723c751e8b465ee728b)  -> (artifact id: '89ec09c4459182d8b23aa47146bfb65d') in 0.113724 seconds
  Import took 0.199568 seconds .

========================================================================
Received Import Request.
  Time since last request: 0.000195 seconds.
  path: Assets/Prefabs/DuckWhite 1.prefab
  artifactKey: Guid(0d6cc0c0504106241bec4368cc8caac2) Importer(815301076,1909f56bfc062723c751e8b465ee728b)
Start importing Assets/Prefabs/DuckWhite 1.prefab using Guid(0d6cc0c0504106241bec4368cc8caac2) Importer(815301076,1909f56bfc062723c751e8b465ee728b)  -> (artifact id: '24bc321a7c3db4c6366cc063fbd44bb8') in 0.416176 seconds
  Import took 0.418560 seconds .

========================================================================
Received Import Request.
  Time since last request: 15.778878 seconds.
  path: Assets/Scripts/Camera.cs
  artifactKey: Guid(d17f687aa44d1b444ae3a811f4d65bc4) Importer(815301076,1909f56bfc062723c751e8b465ee728b)
Start importing Assets/Scripts/Camera.cs using Guid(d17f687aa44d1b444ae3a811f4d65bc4) Importer(815301076,1909f56bfc062723c751e8b465ee728b)  -> (artifact id: '7dc5c809b40545e26e60438ce7ce5094') in 5.943147 seconds
  Import took 5.945730 seconds .

========================================================================
Received Import Request.
  Time since last request: 36.522648 seconds.
  path: Assets/Scripts/Camera.cs
  artifactKey: Guid(d17f687aa44d1b444ae3a811f4d65bc4) Importer(815301076,1909f56bfc062723c751e8b465ee728b)
Start importing Assets/Scripts/Camera.cs using Guid(d17f687aa44d1b444ae3a811f4d65bc4) Importer(815301076,1909f56bfc062723c751e8b465ee728b)  -> (artifact id: '743bcc0d2b596a95924949ce5fd53e67') in 0.002013 seconds
  Import took 0.004894 seconds .

========================================================================
Received Import Request.
  Time since last request: 0.076186 seconds.
  path: Assets/Scripts/Camera.cs
  artifactKey: Guid(d17f687aa44d1b444ae3a811f4d65bc4) Importer(815301076,1909f56bfc062723c751e8b465ee728b)
Start importing Assets/Scripts/Camera.cs using Guid(d17f687aa44d1b444ae3a811f4d65bc4) Importer(815301076,1909f56bfc062723c751e8b465ee728b)  -> (artifact id: '743bcc0d2b596a95924949ce5fd53e67') in 0.002026 seconds
  Import took 0.004582 seconds .

========================================================================
Received Import Request.
  Time since last request: 10.472378 seconds.
  path: Assets/Scripts/Camera.cs
  artifactKey: Guid(d17f687aa44d1b444ae3a811f4d65bc4) Importer(815301076,1909f56bfc062723c751e8b465ee728b)
Start importing Assets/Scripts/Camera.cs using Guid(d17f687aa44d1b444ae3a811f4d65bc4) Importer(815301076,1909f56bfc062723c751e8b465ee728b)  -> (artifact id: '7972cc8f0896194362e34f252ddca28d') in 0.001775 seconds
  Import took 0.004342 seconds .

========================================================================
Received Import Request.
  Time since last request: 28.121164 seconds.
  path: Assets/Scripts/Camera.cs
  artifactKey: Guid(d17f687aa44d1b444ae3a811f4d65bc4) Importer(815301076,1909f56bfc062723c751e8b465ee728b)
Start importing Assets/Scripts/Camera.cs using Guid(d17f687aa44d1b444ae3a811f4d65bc4) Importer(815301076,1909f56bfc062723c751e8b465ee728b)  -> (artifact id: '544958b5be966b1fa405e5fc1112865c') in 0.001984 seconds
  Import took 0.004559 seconds .

========================================================================
Received Import Request.
  Time since last request: 0.045365 seconds.
  path: Assets/Scripts/Camera.cs
  artifactKey: Guid(d17f687aa44d1b444ae3a811f4d65bc4) Importer(815301076,1909f56bfc062723c751e8b465ee728b)
Start importing Assets/Scripts/Camera.cs using Guid(d17f687aa44d1b444ae3a811f4d65bc4) Importer(815301076,1909f56bfc062723c751e8b465ee728b)  -> (artifact id: '544958b5be966b1fa405e5fc1112865c') in 0.001807 seconds
  Import took 0.004391 seconds .

========================================================================
Received Import Request.
  Time since last request: 7.307486 seconds.
  path: Assets/Scripts/Camera.cs
  artifactKey: Guid(d17f687aa44d1b444ae3a811f4d65bc4) Importer(815301076,1909f56bfc062723c751e8b465ee728b)
Start importing Assets/Scripts/Camera.cs using Guid(d17f687aa44d1b444ae3a811f4d65bc4) Importer(815301076,1909f56bfc062723c751e8b465ee728b)  -> (artifact id: '0e5870f0215e60bac96d5e8bc537eba1') in 10.475245 seconds
  Import took 10.480911 seconds .

========================================================================
Received Import Request.
  Time since last request: 0.000076 seconds.
  path: Assets/Scripts/Camera.cs
  artifactKey: Guid(d17f687aa44d1b444ae3a811f4d65bc4) Importer(815301076,1909f56bfc062723c751e8b465ee728b)
Start importing Assets/Scripts/Camera.cs using Guid(d17f687aa44d1b444ae3a811f4d65bc4) Importer(815301076,1909f56bfc062723c751e8b465ee728b)  -> (artifact id: 'e4d6650b7cedd0ebcf83915d8152eeed') in 1.403870 seconds
  Import took 1.457207 seconds .

========================================================================
Received Import Request.
  Time since last request: 51.981655 seconds.
  path: Assets/Scripts/Camera.cs
  artifactKey: Guid(d17f687aa44d1b444ae3a811f4d65bc4) Importer(815301076,1909f56bfc062723c751e8b465ee728b)
Start importing Assets/Scripts/Camera.cs using Guid(d17f687aa44d1b444ae3a811f4d65bc4) Importer(815301076,1909f56bfc062723c751e8b465ee728b)  -> (artifact id: '7cbf842d88b786bf43603cd2c69839e8') in 0.247143 seconds
  Import took 0.249528 seconds .

========================================================================
Received Import Request.
  Time since last request: 0.000042 seconds.
  path: Assets/Scripts/Camera.cs
  artifactKey: Guid(d17f687aa44d1b444ae3a811f4d65bc4) Importer(815301076,1909f56bfc062723c751e8b465ee728b)
Start importing Assets/Scripts/Camera.cs using Guid(d17f687aa44d1b444ae3a811f4d65bc4) Importer(815301076,1909f56bfc062723c751e8b465ee728b)  -> (artifact id: '7cbf842d88b786bf43603cd2c69839e8') in 0.167687 seconds
  Import took 0.170160 seconds .

========================================================================
Received Import Request.
  Time since last request: 4.254153 seconds.
  path: Assets/Scripts/CameraManager.cs
  artifactKey: Guid(d17f687aa44d1b444ae3a811f4d65bc4) Importer(815301076,1909f56bfc062723c751e8b465ee728b)
Start importing Assets/Scripts/CameraManager.cs using Guid(d17f687aa44d1b444ae3a811f4d65bc4) Importer(815301076,1909f56bfc062723c751e8b465ee728b)  -> (artifact id: '4575c299057479d5486788afc2295106') in 0.009426 seconds
  Import took 0.076536 seconds .

========================================================================
Received Prepare
Registering precompiled user dll's ...
Registered in 0.002664 seconds.
Begin MonoManager ReloadAssembly
Native extension for WindowsStandalone target not found
Refreshing native plugins compatible for Editor in 0.44 ms, found 2 plugins.
Preloading 0 native plugins for Editor in 0.00 ms.
Mono: successfully reloaded assembly
- Completed reload, in 183.935 seconds
Platform modules already initialized, skipping
Refreshing native plugins compatible for Editor in 0.45 ms, found 2 plugins.
Preloading 0 native plugins for Editor in 0.00 ms.
Unloading 1402 Unused Serialized files (Serialized files now loaded: 0)
System memory in use before: 87.9 MB.
System memory in use after: 88.0 MB.

Unloading 14 unused Assets to reduce memory usage. Loaded Objects now: 1896.
Total: 5.549000 ms (FindLiveObjects: 0.165400 ms CreateObjectMapping: 0.055200 ms MarkObjects: 5.242200 ms  DeleteObjects: 0.085200 ms)

========================================================================
Received Prepare
Registering precompiled user dll's ...
Registered in 0.002900 seconds.
Begin MonoManager ReloadAssembly
Native extension for WindowsStandalone target not found
Refreshing native plugins compatible for Editor in 0.34 ms, found 2 plugins.
Preloading 0 native plugins for Editor in 0.00 ms.
Mono: successfully reloaded assembly
- Completed reload, in  4.324 seconds
Platform modules already initialized, skipping
Refreshing native plugins compatible for Editor in 0.34 ms, found 2 plugins.
Preloading 0 native plugins for Editor in 0.00 ms.
Unloading 1402 Unused Serialized files (Serialized files now loaded: 0)
System memory in use before: 87.9 MB.
System memory in use after: 88.0 MB.

Unloading 14 unused Assets to reduce memory usage. Loaded Objects now: 1899.
Total: 2.472200 ms (FindLiveObjects: 0.335400 ms CreateObjectMapping: 0.161800 ms MarkObjects: 1.810900 ms  DeleteObjects: 0.162900 ms)

AssetImportWorkerClient::OnTransportError - code=2 error=End of file
