Using pre-set license
Built from '2020.3/staging' branch; Version is '2020.3.10f1 (297d780c91bc) revision 2719096'; Using compiler version '192528614'; Build Type 'Release'
OS: 'Windows 10 Education; OS build 19044.1387; Version 2009; 64bit' Language: 'ko' Physical Memory: 16245 MB
BatchMode: 1, IsHumanControllingUs: 0, StartBugReporterOnCrash: 0, Is64bit: 1, IsPro: 0

 COMMAND LINE ARGUMENTS:
C:\Program Files\Unity\Hub\Editor\2020.3.10f1\Editor\Unity.exe
-adb2
-batchMode
-noUpm
-name
AssetImportWorker1
-projectPath
C:/Users/FusionSoftware/Desktop/RPG
-logFile
Logs/AssetImportWorker1.log
-srvPort
50264
Successfully changed project path to: C:/Users/FusionSoftware/Desktop/RPG
C:/Users/FusionSoftware/Desktop/RPG
Using Asset Import Pipeline V2.
Refreshing native plugins compatible for Editor in 20.85 ms, found 2 plugins.
Preloading 0 native plugins for Editor in 0.00 ms.
Initialize engine version: 2020.3.10f1 (297d780c91bc)
[Subsystems] Discovering subsystems at path C:/Program Files/Unity/Hub/Editor/2020.3.10f1/Editor/Data/Resources/UnitySubsystems
[Subsystems] Discovering subsystems at path C:/Users/FusionSoftware/Desktop/RPG/Assets
GfxDevice: creating device client; threaded=0
Direct3D:
    Version:  Direct3D 11.0 [level 11.1]
    Renderer: Intel(R) UHD Graphics 630 (ID=0x9bc5)
    Vendor:   
    VRAM:     8122 MB
    Driver:   27.20.100.9316
Initialize mono
Mono path[0] = 'C:/Program Files/Unity/Hub/Editor/2020.3.10f1/Editor/Data/Managed'
Mono path[1] = 'C:/Program Files/Unity/Hub/Editor/2020.3.10f1/Editor/Data/MonoBleedingEdge/lib/mono/unityjit'
Mono config path = 'C:/Program Files/Unity/Hub/Editor/2020.3.10f1/Editor/Data/MonoBleedingEdge/etc'
Using monoOptions --debugger-agent=transport=dt_socket,embedding=1,server=y,suspend=n,address=127.0.0.1:56960
Begin MonoManager ReloadAssembly
Registering precompiled unity dll's ...
Register platform support module: C:/Program Files/Unity/Hub/Editor/2020.3.10f1/Editor/Data/PlaybackEngines/WindowsStandaloneSupport/UnityEditor.WindowsStandalone.Extensions.dll
Registered in 0.001281 seconds.
Native extension for WindowsStandalone target not found
Refreshing native plugins compatible for Editor in 21.30 ms, found 2 plugins.
Preloading 0 native plugins for Editor in 0.00 ms.
Mono: successfully reloaded assembly
- Completed reload, in  1.413 seconds
Platform modules already initialized, skipping
Registering precompiled user dll's ...
Registered in 0.002458 seconds.
Begin MonoManager ReloadAssembly
Native extension for WindowsStandalone target not found
Refreshing native plugins compatible for Editor in 0.26 ms, found 2 plugins.
Preloading 0 native plugins for Editor in 0.00 ms.
Mono: successfully reloaded assembly
- Completed reload, in  0.744 seconds
Platform modules already initialized, skipping
========================================================================
Worker process is ready to serve import requests
Launched and connected shader compiler UnityShaderCompiler.exe after 0.03 seconds
Refreshing native plugins compatible for Editor in 0.25 ms, found 2 plugins.
Preloading 0 native plugins for Editor in 0.00 ms.
Unloading 1388 Unused Serialized files (Serialized files now loaded: 0)
System memory in use before: 80.1 MB.
System memory in use after: 80.1 MB.

Unloading 19 unused Assets to reduce memory usage. Loaded Objects now: 1841.
Total: 1.610700 ms (FindLiveObjects: 0.124200 ms CreateObjectMapping: 0.033800 ms MarkObjects: 1.388300 ms  DeleteObjects: 0.063800 ms)

========================================================================
Received Import Request.
  path: Assets/Scripts/Player.cs
  artifactKey: Guid(7225ed15488e6a1479643555e98665c9) Importer(815301076,1909f56bfc062723c751e8b465ee728b)
Start importing Assets/Scripts/Player.cs using Guid(7225ed15488e6a1479643555e98665c9) Importer(815301076,1909f56bfc062723c751e8b465ee728b)  -> (artifact id: 'e44c1c6dcee1e50f7dfc54bb5d4d1723') in 0.012491 seconds
  Import took 0.014134 seconds .

========================================================================
Received Prepare
Registering precompiled user dll's ...
Registered in 0.002458 seconds.
Begin MonoManager ReloadAssembly
Native extension for WindowsStandalone target not found
Refreshing native plugins compatible for Editor in 0.26 ms, found 2 plugins.
Preloading 0 native plugins for Editor in 0.00 ms.
Mono: successfully reloaded assembly
- Completed reload, in  0.703 seconds
Platform modules already initialized, skipping
Refreshing native plugins compatible for Editor in 0.26 ms, found 2 plugins.
Preloading 0 native plugins for Editor in 0.00 ms.
Unloading 1383 Unused Serialized files (Serialized files now loaded: 0)
System memory in use before: 80.0 MB.
System memory in use after: 80.1 MB.

Unloading 14 unused Assets to reduce memory usage. Loaded Objects now: 1844.
Total: 1.508300 ms (FindLiveObjects: 0.117900 ms CreateObjectMapping: 0.036800 ms MarkObjects: 1.312000 ms  DeleteObjects: 0.041100 ms)

========================================================================
Received Prepare
Registering precompiled user dll's ...
Registered in 0.002349 seconds.
Begin MonoManager ReloadAssembly
Native extension for WindowsStandalone target not found
Refreshing native plugins compatible for Editor in 0.28 ms, found 2 plugins.
Preloading 0 native plugins for Editor in 0.00 ms.
Mono: successfully reloaded assembly
- Completed reload, in  0.703 seconds
Platform modules already initialized, skipping
Refreshing native plugins compatible for Editor in 0.25 ms, found 2 plugins.
Preloading 0 native plugins for Editor in 0.00 ms.
Unloading 1383 Unused Serialized files (Serialized files now loaded: 0)
System memory in use before: 80.1 MB.
System memory in use after: 80.1 MB.

Unloading 14 unused Assets to reduce memory usage. Loaded Objects now: 1847.
Total: 1.465200 ms (FindLiveObjects: 0.120600 ms CreateObjectMapping: 0.034800 ms MarkObjects: 1.266800 ms  DeleteObjects: 0.042300 ms)

========================================================================
Received Prepare
Registering precompiled user dll's ...
Registered in 0.002228 seconds.
Begin MonoManager ReloadAssembly
Native extension for WindowsStandalone target not found
Refreshing native plugins compatible for Editor in 0.26 ms, found 2 plugins.
Preloading 0 native plugins for Editor in 0.00 ms.
Mono: successfully reloaded assembly
- Completed reload, in  0.707 seconds
Platform modules already initialized, skipping
Refreshing native plugins compatible for Editor in 0.25 ms, found 2 plugins.
Preloading 0 native plugins for Editor in 0.00 ms.
Unloading 1383 Unused Serialized files (Serialized files now loaded: 0)
System memory in use before: 80.1 MB.
System memory in use after: 80.2 MB.

Unloading 14 unused Assets to reduce memory usage. Loaded Objects now: 1850.
Total: 1.439200 ms (FindLiveObjects: 0.114500 ms CreateObjectMapping: 0.035700 ms MarkObjects: 1.245500 ms  DeleteObjects: 0.043000 ms)

========================================================================
Received Prepare
Registering precompiled user dll's ...
Registered in 0.002270 seconds.
Begin MonoManager ReloadAssembly
Native extension for WindowsStandalone target not found
Refreshing native plugins compatible for Editor in 0.25 ms, found 2 plugins.
Preloading 0 native plugins for Editor in 0.00 ms.
Mono: successfully reloaded assembly
- Completed reload, in  0.699 seconds
Platform modules already initialized, skipping
Refreshing native plugins compatible for Editor in 0.25 ms, found 2 plugins.
Preloading 0 native plugins for Editor in 0.00 ms.
Unloading 1383 Unused Serialized files (Serialized files now loaded: 0)
System memory in use before: 80.1 MB.
System memory in use after: 80.2 MB.

Unloading 14 unused Assets to reduce memory usage. Loaded Objects now: 1853.
Total: 1.433400 ms (FindLiveObjects: 0.113500 ms CreateObjectMapping: 0.036900 ms MarkObjects: 1.239200 ms  DeleteObjects: 0.043200 ms)

========================================================================
Received Prepare
Registering precompiled user dll's ...
Registered in 0.002262 seconds.
Begin MonoManager ReloadAssembly
Native extension for WindowsStandalone target not found
Refreshing native plugins compatible for Editor in 0.26 ms, found 2 plugins.
Preloading 0 native plugins for Editor in 0.00 ms.
Mono: successfully reloaded assembly
- Completed reload, in  0.690 seconds
Platform modules already initialized, skipping
Refreshing native plugins compatible for Editor in 0.26 ms, found 2 plugins.
Preloading 0 native plugins for Editor in 0.00 ms.
Unloading 1383 Unused Serialized files (Serialized files now loaded: 0)
System memory in use before: 80.1 MB.
System memory in use after: 80.2 MB.

Unloading 14 unused Assets to reduce memory usage. Loaded Objects now: 1856.
Total: 1.466300 ms (FindLiveObjects: 0.116600 ms CreateObjectMapping: 0.036600 ms MarkObjects: 1.268100 ms  DeleteObjects: 0.044300 ms)

========================================================================
Received Prepare
Registering precompiled user dll's ...
Registered in 0.002323 seconds.
Begin MonoManager ReloadAssembly
Native extension for WindowsStandalone target not found
Refreshing native plugins compatible for Editor in 0.26 ms, found 2 plugins.
Preloading 0 native plugins for Editor in 0.00 ms.
Mono: successfully reloaded assembly
- Completed reload, in  0.688 seconds
Platform modules already initialized, skipping
Refreshing native plugins compatible for Editor in 0.33 ms, found 2 plugins.
Preloading 0 native plugins for Editor in 0.00 ms.
Unloading 1383 Unused Serialized files (Serialized files now loaded: 0)
System memory in use before: 80.1 MB.
System memory in use after: 80.2 MB.

Unloading 14 unused Assets to reduce memory usage. Loaded Objects now: 1859.
Total: 1.393300 ms (FindLiveObjects: 0.120000 ms CreateObjectMapping: 0.037500 ms MarkObjects: 1.184200 ms  DeleteObjects: 0.051100 ms)

========================================================================
Received Prepare
Registering precompiled user dll's ...
Registered in 0.002436 seconds.
Begin MonoManager ReloadAssembly
Native extension for WindowsStandalone target not found
Refreshing native plugins compatible for Editor in 0.26 ms, found 2 plugins.
Preloading 0 native plugins for Editor in 0.00 ms.
Mono: successfully reloaded assembly
- Completed reload, in  0.673 seconds
Platform modules already initialized, skipping
Refreshing native plugins compatible for Editor in 0.38 ms, found 2 plugins.
Preloading 0 native plugins for Editor in 0.00 ms.
Unloading 1383 Unused Serialized files (Serialized files now loaded: 0)
System memory in use before: 80.1 MB.
System memory in use after: 80.2 MB.

Unloading 14 unused Assets to reduce memory usage. Loaded Objects now: 1862.
Total: 1.447700 ms (FindLiveObjects: 0.122100 ms CreateObjectMapping: 0.035000 ms MarkObjects: 1.238400 ms  DeleteObjects: 0.051400 ms)

========================================================================
Received Prepare
Registering precompiled user dll's ...
Registered in 0.002484 seconds.
Begin MonoManager ReloadAssembly
Native extension for WindowsStandalone target not found
Refreshing native plugins compatible for Editor in 0.25 ms, found 2 plugins.
Preloading 0 native plugins for Editor in 0.00 ms.
Mono: successfully reloaded assembly
- Completed reload, in  0.709 seconds
Platform modules already initialized, skipping
Refreshing native plugins compatible for Editor in 0.26 ms, found 2 plugins.
Preloading 0 native plugins for Editor in 0.00 ms.
Unloading 1383 Unused Serialized files (Serialized files now loaded: 0)
System memory in use before: 80.1 MB.
System memory in use after: 80.2 MB.

Unloading 14 unused Assets to reduce memory usage. Loaded Objects now: 1865.
Total: 1.544800 ms (FindLiveObjects: 0.115800 ms CreateObjectMapping: 0.035300 ms MarkObjects: 1.336000 ms  DeleteObjects: 0.057100 ms)

========================================================================
Received Prepare
Registering precompiled user dll's ...
Registered in 0.002429 seconds.
Begin MonoManager ReloadAssembly
Native extension for WindowsStandalone target not found
Refreshing native plugins compatible for Editor in 0.25 ms, found 2 plugins.
Preloading 0 native plugins for Editor in 0.00 ms.
Mono: successfully reloaded assembly
- Completed reload, in  0.690 seconds
Platform modules already initialized, skipping
Refreshing native plugins compatible for Editor in 0.26 ms, found 2 plugins.
Preloading 0 native plugins for Editor in 0.00 ms.
Unloading 1383 Unused Serialized files (Serialized files now loaded: 0)
System memory in use before: 80.1 MB.
System memory in use after: 80.2 MB.

Unloading 14 unused Assets to reduce memory usage. Loaded Objects now: 1868.
Total: 1.447400 ms (FindLiveObjects: 0.115500 ms CreateObjectMapping: 0.033800 ms MarkObjects: 1.252600 ms  DeleteObjects: 0.044900 ms)

========================================================================
Received Import Request.
  Time since last request: 818.075750 seconds.
  path: Assets/Scripts/Bullet.cs
  artifactKey: Guid(a15f895019ef7ab4b835bca2f2685987) Importer(815301076,1909f56bfc062723c751e8b465ee728b)
Start importing Assets/Scripts/Bullet.cs using Guid(a15f895019ef7ab4b835bca2f2685987) Importer(815301076,1909f56bfc062723c751e8b465ee728b)  -> (artifact id: '756978ab745494cc0e673e3a99668f42') in 0.007752 seconds
  Import took 0.009575 seconds .

========================================================================
Received Prepare
Registering precompiled user dll's ...
Registered in 0.002294 seconds.
Begin MonoManager ReloadAssembly
Native extension for WindowsStandalone target not found
Refreshing native plugins compatible for Editor in 0.25 ms, found 2 plugins.
Preloading 0 native plugins for Editor in 0.00 ms.
Mono: successfully reloaded assembly
- Completed reload, in  0.725 seconds
Platform modules already initialized, skipping
Refreshing native plugins compatible for Editor in 0.26 ms, found 2 plugins.
Preloading 0 native plugins for Editor in 0.00 ms.
Unloading 1384 Unused Serialized files (Serialized files now loaded: 0)
System memory in use before: 80.2 MB.
System memory in use after: 80.2 MB.

Unloading 14 unused Assets to reduce memory usage. Loaded Objects now: 1872.
Total: 1.478300 ms (FindLiveObjects: 0.111000 ms CreateObjectMapping: 0.033400 ms MarkObjects: 1.290900 ms  DeleteObjects: 0.042400 ms)

========================================================================
Received Prepare
Registering precompiled user dll's ...
Registered in 0.002566 seconds.
Begin MonoManager ReloadAssembly
Native extension for WindowsStandalone target not found
Refreshing native plugins compatible for Editor in 0.25 ms, found 2 plugins.
Preloading 0 native plugins for Editor in 0.00 ms.
Mono: successfully reloaded assembly
- Completed reload, in  0.695 seconds
Platform modules already initialized, skipping
Refreshing native plugins compatible for Editor in 0.25 ms, found 2 plugins.
Preloading 0 native plugins for Editor in 0.00 ms.
Unloading 1384 Unused Serialized files (Serialized files now loaded: 0)
System memory in use before: 80.1 MB.
System memory in use after: 80.2 MB.

Unloading 14 unused Assets to reduce memory usage. Loaded Objects now: 1875.
Total: 1.446400 ms (FindLiveObjects: 0.114400 ms CreateObjectMapping: 0.034200 ms MarkObjects: 1.251600 ms  DeleteObjects: 0.045800 ms)

========================================================================
Received Prepare
Registering precompiled user dll's ...
Registered in 0.002337 seconds.
Begin MonoManager ReloadAssembly
Native extension for WindowsStandalone target not found
Refreshing native plugins compatible for Editor in 0.25 ms, found 2 plugins.
Preloading 0 native plugins for Editor in 0.00 ms.
Mono: successfully reloaded assembly
- Completed reload, in  0.688 seconds
Platform modules already initialized, skipping
Refreshing native plugins compatible for Editor in 0.25 ms, found 2 plugins.
Preloading 0 native plugins for Editor in 0.00 ms.
Unloading 1384 Unused Serialized files (Serialized files now loaded: 0)
System memory in use before: 80.1 MB.
System memory in use after: 80.2 MB.

Unloading 14 unused Assets to reduce memory usage. Loaded Objects now: 1878.
Total: 1.455000 ms (FindLiveObjects: 0.111100 ms CreateObjectMapping: 0.033900 ms MarkObjects: 1.268200 ms  DeleteObjects: 0.041100 ms)

========================================================================
Received Prepare
Registering precompiled user dll's ...
Registered in 0.002351 seconds.
Begin MonoManager ReloadAssembly
Native extension for WindowsStandalone target not found
Refreshing native plugins compatible for Editor in 0.27 ms, found 2 plugins.
Preloading 0 native plugins for Editor in 0.00 ms.
Mono: successfully reloaded assembly
- Completed reload, in  0.696 seconds
Platform modules already initialized, skipping
Refreshing native plugins compatible for Editor in 0.28 ms, found 2 plugins.
Preloading 0 native plugins for Editor in 0.00 ms.
Unloading 1384 Unused Serialized files (Serialized files now loaded: 0)
System memory in use before: 80.1 MB.
System memory in use after: 80.2 MB.

Unloading 14 unused Assets to reduce memory usage. Loaded Objects now: 1881.
Total: 1.510000 ms (FindLiveObjects: 0.136200 ms CreateObjectMapping: 0.038000 ms MarkObjects: 1.282100 ms  DeleteObjects: 0.052900 ms)

========================================================================
Received Prepare
Registering precompiled user dll's ...
Registered in 0.002567 seconds.
Begin MonoManager ReloadAssembly
Native extension for WindowsStandalone target not found
Refreshing native plugins compatible for Editor in 0.25 ms, found 2 plugins.
Preloading 0 native plugins for Editor in 0.00 ms.
Mono: successfully reloaded assembly
- Completed reload, in  0.673 seconds
Platform modules already initialized, skipping
Refreshing native plugins compatible for Editor in 0.26 ms, found 2 plugins.
Preloading 0 native plugins for Editor in 0.00 ms.
Unloading 1384 Unused Serialized files (Serialized files now loaded: 0)
System memory in use before: 80.1 MB.
System memory in use after: 80.2 MB.

Unloading 14 unused Assets to reduce memory usage. Loaded Objects now: 1884.
Total: 1.458000 ms (FindLiveObjects: 0.116200 ms CreateObjectMapping: 0.034600 ms MarkObjects: 1.263500 ms  DeleteObjects: 0.043200 ms)

========================================================================
Received Prepare
Registering precompiled user dll's ...
Registered in 0.002343 seconds.
Begin MonoManager ReloadAssembly
Native extension for WindowsStandalone target not found
Refreshing native plugins compatible for Editor in 0.26 ms, found 2 plugins.
Preloading 0 native plugins for Editor in 0.00 ms.
Mono: successfully reloaded assembly
- Completed reload, in  0.694 seconds
Platform modules already initialized, skipping
Refreshing native plugins compatible for Editor in 0.25 ms, found 2 plugins.
Preloading 0 native plugins for Editor in 0.00 ms.
Unloading 1384 Unused Serialized files (Serialized files now loaded: 0)
System memory in use before: 80.1 MB.
System memory in use after: 80.2 MB.

Unloading 14 unused Assets to reduce memory usage. Loaded Objects now: 1887.
Total: 1.422100 ms (FindLiveObjects: 0.113800 ms CreateObjectMapping: 0.035200 ms MarkObjects: 1.229100 ms  DeleteObjects: 0.043400 ms)

========================================================================
Received Prepare
Registering precompiled user dll's ...
Registered in 0.002476 seconds.
Begin MonoManager ReloadAssembly
Native extension for WindowsStandalone target not found
Refreshing native plugins compatible for Editor in 0.25 ms, found 2 plugins.
Preloading 0 native plugins for Editor in 0.00 ms.
Mono: successfully reloaded assembly
- Completed reload, in  0.699 seconds
Platform modules already initialized, skipping
Refreshing native plugins compatible for Editor in 0.26 ms, found 2 plugins.
Preloading 0 native plugins for Editor in 0.00 ms.
Unloading 1384 Unused Serialized files (Serialized files now loaded: 0)
System memory in use before: 80.1 MB.
System memory in use after: 80.2 MB.

Unloading 14 unused Assets to reduce memory usage. Loaded Objects now: 1890.
Total: 1.476900 ms (FindLiveObjects: 0.115700 ms CreateObjectMapping: 0.035000 ms MarkObjects: 1.281900 ms  DeleteObjects: 0.043800 ms)

========================================================================
Received Prepare
Registering precompiled user dll's ...
Registered in 0.002343 seconds.
Begin MonoManager ReloadAssembly
Native extension for WindowsStandalone target not found
Refreshing native plugins compatible for Editor in 0.25 ms, found 2 plugins.
Preloading 0 native plugins for Editor in 0.00 ms.
Mono: successfully reloaded assembly
- Completed reload, in  0.704 seconds
Platform modules already initialized, skipping
Refreshing native plugins compatible for Editor in 0.25 ms, found 2 plugins.
Preloading 0 native plugins for Editor in 0.00 ms.
Unloading 1384 Unused Serialized files (Serialized files now loaded: 0)
System memory in use before: 80.1 MB.
System memory in use after: 80.2 MB.

Unloading 14 unused Assets to reduce memory usage. Loaded Objects now: 1893.
Total: 1.446700 ms (FindLiveObjects: 0.115500 ms CreateObjectMapping: 0.034900 ms MarkObjects: 1.251100 ms  DeleteObjects: 0.044700 ms)

========================================================================
Received Prepare
Registering precompiled user dll's ...
Registered in 0.002707 seconds.
Begin MonoManager ReloadAssembly
Native extension for WindowsStandalone target not found
Refreshing native plugins compatible for Editor in 0.26 ms, found 2 plugins.
Preloading 0 native plugins for Editor in 0.00 ms.
Mono: successfully reloaded assembly
- Completed reload, in  0.690 seconds
Platform modules already initialized, skipping
Refreshing native plugins compatible for Editor in 0.27 ms, found 2 plugins.
Preloading 0 native plugins for Editor in 0.00 ms.
Unloading 1384 Unused Serialized files (Serialized files now loaded: 0)
System memory in use before: 80.1 MB.
System memory in use after: 80.2 MB.

Unloading 14 unused Assets to reduce memory usage. Loaded Objects now: 1896.
Total: 1.655900 ms (FindLiveObjects: 0.156300 ms CreateObjectMapping: 0.048300 ms MarkObjects: 1.402600 ms  DeleteObjects: 0.048200 ms)

========================================================================
Received Prepare
Registering precompiled user dll's ...
Registered in 0.002348 seconds.
Begin MonoManager ReloadAssembly
Native extension for WindowsStandalone target not found
Refreshing native plugins compatible for Editor in 0.27 ms, found 2 plugins.
Preloading 0 native plugins for Editor in 0.00 ms.
Mono: successfully reloaded assembly
- Completed reload, in  0.687 seconds
Platform modules already initialized, skipping
Refreshing native plugins compatible for Editor in 0.25 ms, found 2 plugins.
Preloading 0 native plugins for Editor in 0.00 ms.
Unloading 1384 Unused Serialized files (Serialized files now loaded: 0)
System memory in use before: 80.1 MB.
System memory in use after: 80.2 MB.

Unloading 14 unused Assets to reduce memory usage. Loaded Objects now: 1899.
Total: 1.495600 ms (FindLiveObjects: 0.122800 ms CreateObjectMapping: 0.036200 ms MarkObjects: 1.286800 ms  DeleteObjects: 0.049300 ms)

========================================================================
Received Prepare
Registering precompiled user dll's ...
Registered in 0.002705 seconds.
Begin MonoManager ReloadAssembly
Native extension for WindowsStandalone target not found
Refreshing native plugins compatible for Editor in 0.25 ms, found 2 plugins.
Preloading 0 native plugins for Editor in 0.00 ms.
Mono: successfully reloaded assembly
- Completed reload, in  0.769 seconds
Platform modules already initialized, skipping
Refreshing native plugins compatible for Editor in 0.25 ms, found 2 plugins.
Preloading 0 native plugins for Editor in 0.00 ms.
Unloading 1384 Unused Serialized files (Serialized files now loaded: 0)
System memory in use before: 80.1 MB.
System memory in use after: 80.2 MB.

Unloading 14 unused Assets to reduce memory usage. Loaded Objects now: 1902.
Total: 1.470800 ms (FindLiveObjects: 0.119100 ms CreateObjectMapping: 0.035400 ms MarkObjects: 1.270000 ms  DeleteObjects: 0.045600 ms)

========================================================================
Received Prepare
Registering precompiled user dll's ...
Registered in 0.002504 seconds.
Begin MonoManager ReloadAssembly
Native extension for WindowsStandalone target not found
Refreshing native plugins compatible for Editor in 0.27 ms, found 2 plugins.
Preloading 0 native plugins for Editor in 0.00 ms.
Mono: successfully reloaded assembly
- Completed reload, in  0.677 seconds
Platform modules already initialized, skipping
Refreshing native plugins compatible for Editor in 0.26 ms, found 2 plugins.
Preloading 0 native plugins for Editor in 0.00 ms.
Unloading 1384 Unused Serialized files (Serialized files now loaded: 0)
System memory in use before: 80.1 MB.
System memory in use after: 80.2 MB.

Unloading 14 unused Assets to reduce memory usage. Loaded Objects now: 1905.
Total: 1.428000 ms (FindLiveObjects: 0.122000 ms CreateObjectMapping: 0.037100 ms MarkObjects: 1.219200 ms  DeleteObjects: 0.049000 ms)

========================================================================
Received Prepare
Registering precompiled user dll's ...
Registered in 0.002302 seconds.
Begin MonoManager ReloadAssembly
Native extension for WindowsStandalone target not found
Refreshing native plugins compatible for Editor in 0.28 ms, found 2 plugins.
Preloading 0 native plugins for Editor in 0.00 ms.
Mono: successfully reloaded assembly
- Completed reload, in  0.711 seconds
Platform modules already initialized, skipping
Refreshing native plugins compatible for Editor in 0.26 ms, found 2 plugins.
Preloading 0 native plugins for Editor in 0.00 ms.
Unloading 1384 Unused Serialized files (Serialized files now loaded: 0)
System memory in use before: 80.2 MB.
System memory in use after: 80.2 MB.

Unloading 14 unused Assets to reduce memory usage. Loaded Objects now: 1908.
Total: 1.478600 ms (FindLiveObjects: 0.116200 ms CreateObjectMapping: 0.035700 ms MarkObjects: 1.281500 ms  DeleteObjects: 0.044100 ms)

========================================================================
Received Prepare
Registering precompiled user dll's ...
Registered in 0.002511 seconds.
Begin MonoManager ReloadAssembly
Native extension for WindowsStandalone target not found
Refreshing native plugins compatible for Editor in 0.26 ms, found 2 plugins.
Preloading 0 native plugins for Editor in 0.00 ms.
Mono: successfully reloaded assembly
- Completed reload, in  0.709 seconds
Platform modules already initialized, skipping
Refreshing native plugins compatible for Editor in 0.26 ms, found 2 plugins.
Preloading 0 native plugins for Editor in 0.00 ms.
Unloading 1384 Unused Serialized files (Serialized files now loaded: 0)
System memory in use before: 80.2 MB.
System memory in use after: 80.2 MB.

Unloading 14 unused Assets to reduce memory usage. Loaded Objects now: 1911.
Total: 1.640000 ms (FindLiveObjects: 0.130400 ms CreateObjectMapping: 0.036400 ms MarkObjects: 1.426700 ms  DeleteObjects: 0.045900 ms)

========================================================================
Received Prepare
Registering precompiled user dll's ...
Registered in 0.002380 seconds.
Begin MonoManager ReloadAssembly
Native extension for WindowsStandalone target not found
Refreshing native plugins compatible for Editor in 0.28 ms, found 2 plugins.
Preloading 0 native plugins for Editor in 0.00 ms.
Mono: successfully reloaded assembly
- Completed reload, in  0.706 seconds
Platform modules already initialized, skipping
Refreshing native plugins compatible for Editor in 0.35 ms, found 2 plugins.
Preloading 0 native plugins for Editor in 0.00 ms.
Unloading 1384 Unused Serialized files (Serialized files now loaded: 0)
System memory in use before: 80.2 MB.
System memory in use after: 80.2 MB.

Unloading 14 unused Assets to reduce memory usage. Loaded Objects now: 1914.
Total: 1.886500 ms (FindLiveObjects: 0.220400 ms CreateObjectMapping: 0.071100 ms MarkObjects: 1.534900 ms  DeleteObjects: 0.058900 ms)

========================================================================
Received Prepare
Registering precompiled user dll's ...
Registered in 0.002365 seconds.
Begin MonoManager ReloadAssembly
Native extension for WindowsStandalone target not found
Refreshing native plugins compatible for Editor in 0.26 ms, found 2 plugins.
Preloading 0 native plugins for Editor in 0.00 ms.
Mono: successfully reloaded assembly
- Completed reload, in  0.682 seconds
Platform modules already initialized, skipping
Refreshing native plugins compatible for Editor in 0.37 ms, found 2 plugins.
Preloading 0 native plugins for Editor in 0.00 ms.
Unloading 1384 Unused Serialized files (Serialized files now loaded: 0)
System memory in use before: 80.2 MB.
System memory in use after: 80.3 MB.

Unloading 14 unused Assets to reduce memory usage. Loaded Objects now: 1917.
Total: 1.630100 ms (FindLiveObjects: 0.135300 ms CreateObjectMapping: 0.038700 ms MarkObjects: 1.403500 ms  DeleteObjects: 0.051800 ms)

========================================================================
Received Prepare
Registering precompiled user dll's ...
Registered in 0.002426 seconds.
Begin MonoManager ReloadAssembly
Native extension for WindowsStandalone target not found
Refreshing native plugins compatible for Editor in 0.26 ms, found 2 plugins.
Preloading 0 native plugins for Editor in 0.00 ms.
Mono: successfully reloaded assembly
- Completed reload, in  0.679 seconds
Platform modules already initialized, skipping
Refreshing native plugins compatible for Editor in 0.25 ms, found 2 plugins.
Preloading 0 native plugins for Editor in 0.00 ms.
Unloading 1384 Unused Serialized files (Serialized files now loaded: 0)
System memory in use before: 80.2 MB.
System memory in use after: 80.3 MB.

Unloading 14 unused Assets to reduce memory usage. Loaded Objects now: 1920.
Total: 1.489400 ms (FindLiveObjects: 0.125800 ms CreateObjectMapping: 0.035500 ms MarkObjects: 1.276700 ms  DeleteObjects: 0.050700 ms)

========================================================================
Received Prepare
Registering precompiled user dll's ...
Registered in 0.002977 seconds.
Begin MonoManager ReloadAssembly
Native extension for WindowsStandalone target not found
Refreshing native plugins compatible for Editor in 0.25 ms, found 2 plugins.
Preloading 0 native plugins for Editor in 0.00 ms.
Mono: successfully reloaded assembly
- Completed reload, in  0.713 seconds
Platform modules already initialized, skipping
Refreshing native plugins compatible for Editor in 0.25 ms, found 2 plugins.
Preloading 0 native plugins for Editor in 0.00 ms.
Unloading 1384 Unused Serialized files (Serialized files now loaded: 0)
System memory in use before: 80.2 MB.
System memory in use after: 80.3 MB.

Unloading 14 unused Assets to reduce memory usage. Loaded Objects now: 1923.
Total: 1.537800 ms (FindLiveObjects: 0.124000 ms CreateObjectMapping: 0.037500 ms MarkObjects: 1.319200 ms  DeleteObjects: 0.056500 ms)

========================================================================
Received Import Request.
  Time since last request: 7695.318038 seconds.
  path: Assets/Particles
  artifactKey: Guid(d710c35a8dd82ec4c99fb60e2aefffad) Importer(815301076,1909f56bfc062723c751e8b465ee728b)
Start importing Assets/Particles using Guid(d710c35a8dd82ec4c99fb60e2aefffad) Importer(815301076,1909f56bfc062723c751e8b465ee728b)  -> (artifact id: '66807c86ff59a7c2146f51a207a581b6') in 0.006706 seconds
  Import took 0.008300 seconds .

========================================================================
Received Prepare
Registering precompiled user dll's ...
Registered in 0.002435 seconds.
Begin MonoManager ReloadAssembly
Native extension for WindowsStandalone target not found
Refreshing native plugins compatible for Editor in 0.25 ms, found 2 plugins.
Preloading 0 native plugins for Editor in 0.00 ms.
Mono: successfully reloaded assembly
- Completed reload, in  0.683 seconds
Platform modules already initialized, skipping
Refreshing native plugins compatible for Editor in 0.35 ms, found 2 plugins.
Preloading 0 native plugins for Editor in 0.00 ms.
Unloading 1384 Unused Serialized files (Serialized files now loaded: 0)
System memory in use before: 80.2 MB.
System memory in use after: 80.3 MB.

Unloading 14 unused Assets to reduce memory usage. Loaded Objects now: 1926.
Total: 1.456000 ms (FindLiveObjects: 0.128200 ms CreateObjectMapping: 0.037200 ms MarkObjects: 1.238700 ms  DeleteObjects: 0.051100 ms)

========================================================================
Received Prepare
Registering precompiled user dll's ...
Registered in 0.002675 seconds.
Begin MonoManager ReloadAssembly
Native extension for WindowsStandalone target not found
Refreshing native plugins compatible for Editor in 0.28 ms, found 2 plugins.
Preloading 0 native plugins for Editor in 0.00 ms.
Mono: successfully reloaded assembly
- Completed reload, in  0.689 seconds
Platform modules already initialized, skipping
Refreshing native plugins compatible for Editor in 0.28 ms, found 2 plugins.
Preloading 0 native plugins for Editor in 0.00 ms.
Unloading 1388 Unused Serialized files (Serialized files now loaded: 0)
System memory in use before: 80.4 MB.
System memory in use after: 80.4 MB.

Unloading 15 unused Assets to reduce memory usage. Loaded Objects now: 1932.
Total: 1.597300 ms (FindLiveObjects: 0.129200 ms CreateObjectMapping: 0.038400 ms MarkObjects: 1.361500 ms  DeleteObjects: 0.067500 ms)

========================================================================
Received Prepare
Registering precompiled user dll's ...
Registered in 0.002272 seconds.
Begin MonoManager ReloadAssembly
Native extension for WindowsStandalone target not found
Refreshing native plugins compatible for Editor in 0.27 ms, found 2 plugins.
Preloading 0 native plugins for Editor in 0.00 ms.
Mono: successfully reloaded assembly
- Completed reload, in  0.697 seconds
Platform modules already initialized, skipping
Refreshing native plugins compatible for Editor in 0.26 ms, found 2 plugins.
Preloading 0 native plugins for Editor in 0.00 ms.
Unloading 1388 Unused Serialized files (Serialized files now loaded: 0)
System memory in use before: 80.4 MB.
System memory in use after: 80.4 MB.

Unloading 15 unused Assets to reduce memory usage. Loaded Objects now: 1935.
Total: 1.494600 ms (FindLiveObjects: 0.115600 ms CreateObjectMapping: 0.035500 ms MarkObjects: 1.288800 ms  DeleteObjects: 0.054200 ms)

========================================================================
Received Import Request.
  Time since last request: 202.241831 seconds.
  path: Assets/Particles/Particle Ribbon by Moonflower Carnivore/Animations
  artifactKey: Guid(3fd52e9fa5cbd93459baafe9ca8f6e26) Importer(815301076,1909f56bfc062723c751e8b465ee728b)
Start importing Assets/Particles/Particle Ribbon by Moonflower Carnivore/Animations using Guid(3fd52e9fa5cbd93459baafe9ca8f6e26) Importer(815301076,1909f56bfc062723c751e8b465ee728b)  -> (artifact id: 'f22a5f8e0355d2cb89a161a0d6e20422') in 0.006343 seconds
  Import took 0.007956 seconds .

========================================================================
Received Import Request.
  Time since last request: 1.279949 seconds.
  path: Assets/Particles/Particle Ribbon by Moonflower Carnivore/Materials/chain_alpha.mat
  artifactKey: Guid(965e340e24024ed47860e559297d8fea) Importer(815301076,1909f56bfc062723c751e8b465ee728b)
Start importing Assets/Particles/Particle Ribbon by Moonflower Carnivore/Materials/chain_alpha.mat using Guid(965e340e24024ed47860e559297d8fea) Importer(815301076,1909f56bfc062723c751e8b465ee728b)  -> (artifact id: '2e3ee4d7b62372bfc1cc838cafae3e92') in 0.130382 seconds
  Import took 0.132534 seconds .

========================================================================
Received Import Request.
  Time since last request: 0.000167 seconds.
  path: Assets/Particles/Particle Ribbon by Moonflower Carnivore/Materials/checker.mat
  artifactKey: Guid(8f4ab00101a4c824780f8afe676a6614) Importer(815301076,1909f56bfc062723c751e8b465ee728b)
Start importing Assets/Particles/Particle Ribbon by Moonflower Carnivore/Materials/checker.mat using Guid(8f4ab00101a4c824780f8afe676a6614) Importer(815301076,1909f56bfc062723c751e8b465ee728b)  -> (artifact id: '8960cd47990bb3e94cc4d7420e383389') in 0.103961 seconds
  Import took 0.105703 seconds .

========================================================================
Received Import Request.
  Time since last request: 0.000155 seconds.
  path: Assets/Particles/Particle Ribbon by Moonflower Carnivore/Materials/glow_dot_add.mat
  artifactKey: Guid(25bd086592405bc4b85fb8280fe53759) Importer(815301076,1909f56bfc062723c751e8b465ee728b)
Start importing Assets/Particles/Particle Ribbon by Moonflower Carnivore/Materials/glow_dot_add.mat using Guid(25bd086592405bc4b85fb8280fe53759) Importer(815301076,1909f56bfc062723c751e8b465ee728b)  -> (artifact id: '84d01cdf567ce651c69e29f84d7a9d85') in 0.028772 seconds
  Import took 0.030905 seconds .

========================================================================
Received Import Request.
  Time since last request: 0.000155 seconds.
  path: Assets/Particles/Particle Ribbon by Moonflower Carnivore/Materials/glow_volumetric_alpha.mat
  artifactKey: Guid(dea41af3d4536ac4080332ae1e0d6fd1) Importer(815301076,1909f56bfc062723c751e8b465ee728b)
Start importing Assets/Particles/Particle Ribbon by Moonflower Carnivore/Materials/glow_volumetric_alpha.mat using Guid(dea41af3d4536ac4080332ae1e0d6fd1) Importer(815301076,1909f56bfc062723c751e8b465ee728b)  -> (artifact id: '1cce4473645f2d344219057128a54115') in 0.009010 seconds
  Import took 0.010757 seconds .

========================================================================
Received Import Request.
  Time since last request: 0.000136 seconds.
  path: Assets/Particles/Particle Ribbon by Moonflower Carnivore/Materials/glow_add_color.mat
  artifactKey: Guid(8b6a5bfa65bbb9a4587a2e8c283cf977) Importer(815301076,1909f56bfc062723c751e8b465ee728b)
Start importing Assets/Particles/Particle Ribbon by Moonflower Carnivore/Materials/glow_add_color.mat using Guid(8b6a5bfa65bbb9a4587a2e8c283cf977) Importer(815301076,1909f56bfc062723c751e8b465ee728b)  -> (artifact id: '2a1c715b9d1fbaa6a6d1bbf7cdbaec16') in 0.028844 seconds
  Import took 0.030514 seconds .

========================================================================
Received Import Request.
  Time since last request: 0.000174 seconds.
  path: Assets/Particles/Particle Ribbon by Moonflower Carnivore/Materials/ribbon_blue_trail_alpha.mat
  artifactKey: Guid(841d467819e15104f909254f5adeef35) Importer(815301076,1909f56bfc062723c751e8b465ee728b)
Start importing Assets/Particles/Particle Ribbon by Moonflower Carnivore/Materials/ribbon_blue_trail_alpha.mat using Guid(841d467819e15104f909254f5adeef35) Importer(815301076,1909f56bfc062723c751e8b465ee728b)  -> (artifact id: 'f95b1ae739ec516b5c8cc0239b36106f') in 0.008297 seconds
  Import took 0.010051 seconds .

========================================================================
Received Import Request.
  Time since last request: 0.000193 seconds.
  path: Assets/Particles/Particle Ribbon by Moonflower Carnivore/Materials/glow_add.mat
  artifactKey: Guid(753aae6479cb10f44994b5fbc533cd88) Importer(815301076,1909f56bfc062723c751e8b465ee728b)
Start importing Assets/Particles/Particle Ribbon by Moonflower Carnivore/Materials/glow_add.mat using Guid(753aae6479cb10f44994b5fbc533cd88) Importer(815301076,1909f56bfc062723c751e8b465ee728b)  -> (artifact id: '73105a0e21358a419121ae298083312e') in 0.019709 seconds
  Import took 0.021639 seconds .

========================================================================
Received Import Request.
  Time since last request: 0.000146 seconds.
  path: Assets/Particles/Particle Ribbon by Moonflower Carnivore/Materials/glow_dot_add_intensify.mat
  artifactKey: Guid(28a511f0cfb10174f91f9888abdaf6f7) Importer(815301076,1909f56bfc062723c751e8b465ee728b)
Start importing Assets/Particles/Particle Ribbon by Moonflower Carnivore/Materials/glow_dot_add_intensify.mat using Guid(28a511f0cfb10174f91f9888abdaf6f7) Importer(815301076,1909f56bfc062723c751e8b465ee728b)  -> (artifact id: 'f00976a36661e58a1f7d6ed24b5cc650') in 0.021132 seconds
  Import took 0.022992 seconds .

========================================================================
Received Import Request.
  Time since last request: 0.000158 seconds.
  path: Assets/Particles/Particle Ribbon by Moonflower Carnivore/Materials/glow_volumetric_trail_alpha.mat
  artifactKey: Guid(4ff01e089cbaea84ab21e308fef2929d) Importer(815301076,1909f56bfc062723c751e8b465ee728b)
Start importing Assets/Particles/Particle Ribbon by Moonflower Carnivore/Materials/glow_volumetric_trail_alpha.mat using Guid(4ff01e089cbaea84ab21e308fef2929d) Importer(815301076,1909f56bfc062723c751e8b465ee728b)  -> (artifact id: 'df07eb7186362375e35d217b2be4e493') in 0.016713 seconds
  Import took 0.018839 seconds .

========================================================================
Received Import Request.
  Time since last request: 0.000156 seconds.
  path: Assets/Particles/Particle Ribbon by Moonflower Carnivore/Materials/circle_vertexlit.mat
  artifactKey: Guid(5ba79c336eab8e9449a31034890dd7e2) Importer(815301076,1909f56bfc062723c751e8b465ee728b)
Start importing Assets/Particles/Particle Ribbon by Moonflower Carnivore/Materials/circle_vertexlit.mat using Guid(5ba79c336eab8e9449a31034890dd7e2) Importer(815301076,1909f56bfc062723c751e8b465ee728b)  -> (artifact id: '40e62c9935c1d37fe84f3a43bd07526a') in 0.043181 seconds
  Import took 0.045018 seconds .

========================================================================
Received Import Request.
  Time since last request: 0.000187 seconds.
  path: Assets/Particles/Particle Ribbon by Moonflower Carnivore/Materials/ribbon_rainbow_alpha.mat
  artifactKey: Guid(8d9f4bcc0b0050d4e86527561752f6df) Importer(815301076,1909f56bfc062723c751e8b465ee728b)
Start importing Assets/Particles/Particle Ribbon by Moonflower Carnivore/Materials/ribbon_rainbow_alpha.mat using Guid(8d9f4bcc0b0050d4e86527561752f6df) Importer(815301076,1909f56bfc062723c751e8b465ee728b)  -> (artifact id: 'cce5f1e8619b1ce191c98f335c19a700') in 0.015078 seconds
  Import took 0.016931 seconds .

========================================================================
Received Import Request.
  Time since last request: 0.000186 seconds.
  path: Assets/Particles/Particle Ribbon by Moonflower Carnivore/Materials/ribbon_blue_alpha.mat
  artifactKey: Guid(d8a69ab1cf98f1e4ea48919b3cc074a5) Importer(815301076,1909f56bfc062723c751e8b465ee728b)
Start importing Assets/Particles/Particle Ribbon by Moonflower Carnivore/Materials/ribbon_blue_alpha.mat using Guid(d8a69ab1cf98f1e4ea48919b3cc074a5) Importer(815301076,1909f56bfc062723c751e8b465ee728b)  -> (artifact id: '087bb06770546933a115a4fa1bbd1ea4') in 0.015080 seconds
  Import took 0.016949 seconds .

========================================================================
Received Import Request.
  Time since last request: 0.697496 seconds.
  path: Assets/Particles/Particle Ribbon by Moonflower Carnivore/Animations/Camera rotation.controller
  artifactKey: Guid(e84485f8fbe90d14bb7b225a6ad7aa62) Importer(815301076,1909f56bfc062723c751e8b465ee728b)
Start importing Assets/Particles/Particle Ribbon by Moonflower Carnivore/Animations/Camera rotation.controller using Guid(e84485f8fbe90d14bb7b225a6ad7aa62) Importer(815301076,1909f56bfc062723c751e8b465ee728b)  -> (artifact id: '1670a1524c6f2e1ca80495b38189bc3b') in 0.035929 seconds
  Import took 0.037808 seconds .

========================================================================
Received Import Request.
  Time since last request: 2.835757 seconds.
  path: Assets/Particles/Particle Ribbon by Moonflower Carnivore/Animations/Charge_01.3 animation.anim
  artifactKey: Guid(3127914ff5f7ef04d9ace09b7dc300c3) Importer(815301076,1909f56bfc062723c751e8b465ee728b)
Start importing Assets/Particles/Particle Ribbon by Moonflower Carnivore/Animations/Charge_01.3 animation.anim using Guid(3127914ff5f7ef04d9ace09b7dc300c3) Importer(815301076,1909f56bfc062723c751e8b465ee728b)  -> (artifact id: 'cd8e064341fcb48ee464ecd0fe5dbaf3') in 0.006881 seconds
  Import took 0.008885 seconds .

========================================================================
Received Import Request.
  Time since last request: 0.001938 seconds.
  path: Assets/Particles/Particle Ribbon by Moonflower Carnivore/Animations/Charge_01.3 animation.anim
  artifactKey: Guid(3127914ff5f7ef04d9ace09b7dc300c3) Importer(815301076,1909f56bfc062723c751e8b465ee728b)
Start importing Assets/Particles/Particle Ribbon by Moonflower Carnivore/Animations/Charge_01.3 animation.anim using Guid(3127914ff5f7ef04d9ace09b7dc300c3) Importer(815301076,1909f56bfc062723c751e8b465ee728b)  -> (artifact id: 'cd8e064341fcb48ee464ecd0fe5dbaf3') in 0.002649 seconds
  Import took 0.004689 seconds .

========================================================================
Received Import Request.
  Time since last request: 7.021617 seconds.
  path: Assets/Particles/Particle Ribbon by Moonflower Carnivore/Animations/mesh rotation.anim
  artifactKey: Guid(379419fe82015984c99894fc59678fca) Importer(815301076,1909f56bfc062723c751e8b465ee728b)
Start importing Assets/Particles/Particle Ribbon by Moonflower Carnivore/Animations/mesh rotation.anim using Guid(379419fe82015984c99894fc59678fca) Importer(815301076,1909f56bfc062723c751e8b465ee728b)  -> (artifact id: '91c1270aec4eb90134acab040f2c3d50') in 0.006861 seconds
  Import took 0.009063 seconds .

========================================================================
Received Import Request.
  Time since last request: 2.219492 seconds.
  path: Assets/Particles/Particle Ribbon by Moonflower Carnivore/Models/test_character.fbx
  artifactKey: Guid(d5d50f2c96e84754db1083ea5c45e6fb) Importer(815301076,1909f56bfc062723c751e8b465ee728b)
Start importing Assets/Particles/Particle Ribbon by Moonflower Carnivore/Models/test_character.fbx using Guid(d5d50f2c96e84754db1083ea5c45e6fb) Importer(815301076,1909f56bfc062723c751e8b465ee728b)  -> (artifact id: 'a6960f43f254a44e364478904642f44c') in 0.072748 seconds
  Import took 0.074730 seconds .

========================================================================
Received Import Request.
  Time since last request: 3.772425 seconds.
  path: Assets/Particles/Particle Ribbon by Moonflower Carnivore/Prefabs/Charge_01.1 Dual Ribbon.prefab
  artifactKey: Guid(92741d35de61d3548a1a78f80df11ce9) Importer(815301076,1909f56bfc062723c751e8b465ee728b)
Start importing Assets/Particles/Particle Ribbon by Moonflower Carnivore/Prefabs/Charge_01.1 Dual Ribbon.prefab using Guid(92741d35de61d3548a1a78f80df11ce9) Importer(815301076,1909f56bfc062723c751e8b465ee728b)  -> (artifact id: 'ac968bef9d502d8e1bcaebc8f62a877e') in 0.016720 seconds
  Import took 0.019065 seconds .

========================================================================
Received Import Request.
  Time since last request: 0.000171 seconds.
  path: Assets/Particles/Particle Ribbon by Moonflower Carnivore/Prefabs/Charge_01.4.1 Ribbon Rainbow trail.prefab
  artifactKey: Guid(1478ae28b6fad154a8e5dc2e2555a7ac) Importer(815301076,1909f56bfc062723c751e8b465ee728b)
Start importing Assets/Particles/Particle Ribbon by Moonflower Carnivore/Prefabs/Charge_01.4.1 Ribbon Rainbow trail.prefab using Guid(1478ae28b6fad154a8e5dc2e2555a7ac) Importer(815301076,1909f56bfc062723c751e8b465ee728b)  -> (artifact id: '73ea415e6103ec5b923706c0a583965a') in 0.007369 seconds
  Import took 0.009309 seconds .

========================================================================
Received Import Request.
  Time since last request: 0.000157 seconds.
  path: Assets/Particles/Particle Ribbon by Moonflower Carnivore/Prefabs/Charge_01.4 Ribbon trail.prefab
  artifactKey: Guid(3cf6963cae433e24e881eea0d6a44b22) Importer(815301076,1909f56bfc062723c751e8b465ee728b)
Start importing Assets/Particles/Particle Ribbon by Moonflower Carnivore/Prefabs/Charge_01.4 Ribbon trail.prefab using Guid(3cf6963cae433e24e881eea0d6a44b22) Importer(815301076,1909f56bfc062723c751e8b465ee728b)  -> (artifact id: '8febb9575f07becf5aae3756a2817770') in 0.006039 seconds
  Import took 0.007931 seconds .

========================================================================
Received Import Request.
  Time since last request: 0.000144 seconds.
  path: Assets/Particles/Particle Ribbon by Moonflower Carnivore/Prefabs/Charge_01.2.prefab
  artifactKey: Guid(8906de79e38d722448ed84e0c648ed37) Importer(815301076,1909f56bfc062723c751e8b465ee728b)
Start importing Assets/Particles/Particle Ribbon by Moonflower Carnivore/Prefabs/Charge_01.2.prefab using Guid(8906de79e38d722448ed84e0c648ed37) Importer(815301076,1909f56bfc062723c751e8b465ee728b)  -> (artifact id: '2c8ce8c8c6dcb8d8ef212d5db777f36a') in 0.007604 seconds
  Import took 0.009669 seconds .

========================================================================
Received Import Request.
  Time since last request: 0.000152 seconds.
  path: Assets/Particles/Particle Ribbon by Moonflower Carnivore/Prefabs/Charge_01.3.1 Fairydust Noise.prefab
  artifactKey: Guid(f980f35b2665e65409a449e52e961c09) Importer(815301076,1909f56bfc062723c751e8b465ee728b)
Start importing Assets/Particles/Particle Ribbon by Moonflower Carnivore/Prefabs/Charge_01.3.1 Fairydust Noise.prefab using Guid(f980f35b2665e65409a449e52e961c09) Importer(815301076,1909f56bfc062723c751e8b465ee728b)  -> (artifact id: '692df77df60d436be9f854591fcb4a33') in 0.007035 seconds
  Import took 0.009092 seconds .

========================================================================
Received Import Request.
  Time since last request: 0.000159 seconds.
  path: Assets/Particles/Particle Ribbon by Moonflower Carnivore/Prefabs/Charge_01.6 Noise.prefab
  artifactKey: Guid(db791f5a5b572c44e872174c12c2f2ce) Importer(815301076,1909f56bfc062723c751e8b465ee728b)
Start importing Assets/Particles/Particle Ribbon by Moonflower Carnivore/Prefabs/Charge_01.6 Noise.prefab using Guid(db791f5a5b572c44e872174c12c2f2ce) Importer(815301076,1909f56bfc062723c751e8b465ee728b)  -> (artifact id: 'e6018ca7cff8706d322f66c366547e22') in 0.006843 seconds
  Import took 0.008790 seconds .

========================================================================
Received Import Request.
  Time since last request: 0.000147 seconds.
  path: Assets/Particles/Particle Ribbon by Moonflower Carnivore/Prefabs/Charge_01.prefab
  artifactKey: Guid(4462f6159ce56f54aa3d847cdf8a3291) Importer(815301076,1909f56bfc062723c751e8b465ee728b)
Start importing Assets/Particles/Particle Ribbon by Moonflower Carnivore/Prefabs/Charge_01.prefab using Guid(4462f6159ce56f54aa3d847cdf8a3291) Importer(815301076,1909f56bfc062723c751e8b465ee728b)  -> (artifact id: 'c338acbb9bb5cb7f8099c413b8df9cd2') in 0.006920 seconds
  Import took 0.008868 seconds .

========================================================================
Received Import Request.
  Time since last request: 0.000146 seconds.
  path: Assets/Particles/Particle Ribbon by Moonflower Carnivore/Prefabs/Charge_01.3 Fairydust.prefab
  artifactKey: Guid(72949fa39c284664683eb9778cbd227d) Importer(815301076,1909f56bfc062723c751e8b465ee728b)
Start importing Assets/Particles/Particle Ribbon by Moonflower Carnivore/Prefabs/Charge_01.3 Fairydust.prefab using Guid(72949fa39c284664683eb9778cbd227d) Importer(815301076,1909f56bfc062723c751e8b465ee728b)  -> (artifact id: '58a613ad834bb8b33c02973f6079d674') in 0.007264 seconds
  Import took 0.009391 seconds .

========================================================================
Received Import Request.
  Time since last request: 0.000166 seconds.
  path: Assets/Particles/Particle Ribbon by Moonflower Carnivore/Prefabs/Charge_02.1.1.prefab
  artifactKey: Guid(df8009dc85777cd40a227ce4d9a59d6e) Importer(815301076,1909f56bfc062723c751e8b465ee728b)
Start importing Assets/Particles/Particle Ribbon by Moonflower Carnivore/Prefabs/Charge_02.1.1.prefab using Guid(df8009dc85777cd40a227ce4d9a59d6e) Importer(815301076,1909f56bfc062723c751e8b465ee728b)  -> (artifact id: 'eb73b5ee5caf793a2d571fcc14326562') in 0.007541 seconds
  Import took 0.009818 seconds .

========================================================================
Received Import Request.
  Time since last request: 0.000146 seconds.
  path: Assets/Particles/Particle Ribbon by Moonflower Carnivore/Prefabs/Charge_01.4 Ribbon point.prefab
  artifactKey: Guid(5aca12a25b34970479a5b05210886a83) Importer(815301076,1909f56bfc062723c751e8b465ee728b)
Start importing Assets/Particles/Particle Ribbon by Moonflower Carnivore/Prefabs/Charge_01.4 Ribbon point.prefab using Guid(5aca12a25b34970479a5b05210886a83) Importer(815301076,1909f56bfc062723c751e8b465ee728b)  -> (artifact id: '3cbee2a1c33e245db750d0fe08c50b79') in 0.007078 seconds
  Import took 0.009169 seconds .

========================================================================
Received Import Request.
  Time since last request: 0.000157 seconds.
  path: Assets/Particles/Particle Ribbon by Moonflower Carnivore/Prefabs/Charge_01.4.1 Ribbon Rainbow point.prefab
  artifactKey: Guid(7ba99b73bc7237f41866af9ee14ac99e) Importer(815301076,1909f56bfc062723c751e8b465ee728b)
Start importing Assets/Particles/Particle Ribbon by Moonflower Carnivore/Prefabs/Charge_01.4.1 Ribbon Rainbow point.prefab using Guid(7ba99b73bc7237f41866af9ee14ac99e) Importer(815301076,1909f56bfc062723c751e8b465ee728b)  -> (artifact id: '0206b10e18521265c34443ed139f19dd') in 0.008674 seconds
  Import took 0.011335 seconds .

========================================================================
Received Import Request.
  Time since last request: 0.000194 seconds.
  path: Assets/Particles/Particle Ribbon by Moonflower Carnivore/Prefabs/Charge_01.5 Chain.prefab
  artifactKey: Guid(8f3052adaa74dfd4cb36c5818c58df60) Importer(815301076,1909f56bfc062723c751e8b465ee728b)
Start importing Assets/Particles/Particle Ribbon by Moonflower Carnivore/Prefabs/Charge_01.5 Chain.prefab using Guid(8f3052adaa74dfd4cb36c5818c58df60) Importer(815301076,1909f56bfc062723c751e8b465ee728b)  -> (artifact id: '8493297edc2f0d46b11a353124ec1010') in 0.007698 seconds
  Import took 0.010649 seconds .

========================================================================
Received Import Request.
  Time since last request: 3.448872 seconds.
  path: Assets/Particles/Particle Ribbon by Moonflower Carnivore/Textures/chain.psd
  artifactKey: Guid(29cbf05a2f3ff44428c8c7bde965286b) Importer(815301076,1909f56bfc062723c751e8b465ee728b)
Start importing Assets/Particles/Particle Ribbon by Moonflower Carnivore/Textures/chain.psd using Guid(29cbf05a2f3ff44428c8c7bde965286b) Importer(815301076,1909f56bfc062723c751e8b465ee728b)  -> (artifact id: '8d8106af9db958d32784d9285d64ff67') in 0.019980 seconds
  Import took 0.021904 seconds .

========================================================================
Received Import Request.
  Time since last request: 0.000146 seconds.
  path: Assets/Particles/Particle Ribbon by Moonflower Carnivore/Textures/sparks.png
  artifactKey: Guid(ecce12a54fa525340b345f1256f70863) Importer(815301076,1909f56bfc062723c751e8b465ee728b)
Start importing Assets/Particles/Particle Ribbon by Moonflower Carnivore/Textures/sparks.png using Guid(ecce12a54fa525340b345f1256f70863) Importer(815301076,1909f56bfc062723c751e8b465ee728b)  -> (artifact id: 'f101ab901c4679470ee9f1ae805a3b7b') in 0.040342 seconds
  Import took 0.042106 seconds .

========================================================================
Received Import Request.
  Time since last request: 0.000145 seconds.
  path: Assets/Particles/Particle Ribbon by Moonflower Carnivore/Textures/ribbon.png
  artifactKey: Guid(34bcccb28283f48438dc9c1d6c16872d) Importer(815301076,1909f56bfc062723c751e8b465ee728b)
Start importing Assets/Particles/Particle Ribbon by Moonflower Carnivore/Textures/ribbon.png using Guid(34bcccb28283f48438dc9c1d6c16872d) Importer(815301076,1909f56bfc062723c751e8b465ee728b)  -> (artifact id: 'dd5fabf411c1e8fc17b41619540efb91') in 0.008777 seconds
  Import took 0.010499 seconds .

========================================================================
Received Import Request.
  Time since last request: 0.000149 seconds.
  path: Assets/Particles/Particle Ribbon by Moonflower Carnivore/Textures/checker.bmp
  artifactKey: Guid(ca5a2a3478ed0594c88babaf33cad744) Importer(815301076,1909f56bfc062723c751e8b465ee728b)
Start importing Assets/Particles/Particle Ribbon by Moonflower Carnivore/Textures/checker.bmp using Guid(ca5a2a3478ed0594c88babaf33cad744) Importer(815301076,1909f56bfc062723c751e8b465ee728b)  -> (artifact id: '997509dfd8ece9956c4b796c93909570') in 0.006327 seconds
  Import took 0.008049 seconds .

========================================================================
Received Import Request.
  Time since last request: 0.000150 seconds.
  path: Assets/Particles/Particle Ribbon by Moonflower Carnivore/Textures/circle.png
  artifactKey: Guid(827cfc83afa113f4b9f699ad6afc5941) Importer(815301076,1909f56bfc062723c751e8b465ee728b)
Start importing Assets/Particles/Particle Ribbon by Moonflower Carnivore/Textures/circle.png using Guid(827cfc83afa113f4b9f699ad6afc5941) Importer(815301076,1909f56bfc062723c751e8b465ee728b)  -> (artifact id: 'b359ae42227469583c0937325aaab5f2') in 0.008338 seconds
  Import took 0.010103 seconds .

========================================================================
Received Import Request.
  Time since last request: 0.000148 seconds.
  path: Assets/Particles/Particle Ribbon by Moonflower Carnivore/Textures/glow_alpha.png
  artifactKey: Guid(5180e381ea3f5354795a4f7acf6838fa) Importer(815301076,1909f56bfc062723c751e8b465ee728b)
Start importing Assets/Particles/Particle Ribbon by Moonflower Carnivore/Textures/glow_alpha.png using Guid(5180e381ea3f5354795a4f7acf6838fa) Importer(815301076,1909f56bfc062723c751e8b465ee728b)  -> (artifact id: '199a7bb71187dbfd935a5652fa8c395c') in 0.007060 seconds
  Import took 0.008847 seconds .

========================================================================
Received Import Request.
  Time since last request: 0.000127 seconds.
  path: Assets/Particles/Particle Ribbon by Moonflower Carnivore/Textures/glow_alpha trail.png
  artifactKey: Guid(03dace24da51cf84da8526efc3db0e92) Importer(815301076,1909f56bfc062723c751e8b465ee728b)
Start importing Assets/Particles/Particle Ribbon by Moonflower Carnivore/Textures/glow_alpha trail.png using Guid(03dace24da51cf84da8526efc3db0e92) Importer(815301076,1909f56bfc062723c751e8b465ee728b)  -> (artifact id: '59cbaef139acf4f3ee77a8580907909b') in 0.009717 seconds
  Import took 0.011749 seconds .

========================================================================
Received Import Request.
  Time since last request: 0.000199 seconds.
  path: Assets/Particles/Particle Ribbon by Moonflower Carnivore/Textures/smoke trail loop.png
  artifactKey: Guid(e3c8683fc673bfb4880b87ca45f73d6c) Importer(815301076,1909f56bfc062723c751e8b465ee728b)
Start importing Assets/Particles/Particle Ribbon by Moonflower Carnivore/Textures/smoke trail loop.png using Guid(e3c8683fc673bfb4880b87ca45f73d6c) Importer(815301076,1909f56bfc062723c751e8b465ee728b)  -> (artifact id: '02246547bb08067303f625c32c529efc') in 0.016181 seconds
  Import took 0.018432 seconds .

========================================================================
Received Import Request.
  Time since last request: 0.000142 seconds.
  path: Assets/Particles/Particle Ribbon by Moonflower Carnivore/Textures/ribbon rainbow trail.png
  artifactKey: Guid(78146b2e293fe8642920b180af5406a9) Importer(815301076,1909f56bfc062723c751e8b465ee728b)
Start importing Assets/Particles/Particle Ribbon by Moonflower Carnivore/Textures/ribbon rainbow trail.png using Guid(78146b2e293fe8642920b180af5406a9) Importer(815301076,1909f56bfc062723c751e8b465ee728b)  -> (artifact id: '21f9f355c6675ca4a2498cae061d41e9') in 0.015941 seconds
  Import took 0.017901 seconds .

========================================================================
Received Import Request.
  Time since last request: 0.000196 seconds.
  path: Assets/Particles/Particle Ribbon by Moonflower Carnivore/Textures/glow_small_dot.psd
  artifactKey: Guid(8f5ee04947e003441921dffbf787fbb1) Importer(815301076,1909f56bfc062723c751e8b465ee728b)
Start importing Assets/Particles/Particle Ribbon by Moonflower Carnivore/Textures/glow_small_dot.psd using Guid(8f5ee04947e003441921dffbf787fbb1) Importer(815301076,1909f56bfc062723c751e8b465ee728b)  -> (artifact id: 'b534572cd97ad2f021109641c5f698e3') in 0.019904 seconds
  Import took 0.021931 seconds .

========================================================================
Received Import Request.
  Time since last request: 0.000149 seconds.
  path: Assets/Particles/Particle Ribbon by Moonflower Carnivore/Textures/ribbon rainbow.png
  artifactKey: Guid(36204ff07d9173f43b336bbd4304f336) Importer(815301076,1909f56bfc062723c751e8b465ee728b)
Start importing Assets/Particles/Particle Ribbon by Moonflower Carnivore/Textures/ribbon rainbow.png using Guid(36204ff07d9173f43b336bbd4304f336) Importer(815301076,1909f56bfc062723c751e8b465ee728b)  -> (artifact id: 'a27c62373cf8e8f068ff8da63efffc5b') in 0.020442 seconds
  Import took 0.022482 seconds .

========================================================================
Received Import Request.
  Time since last request: 0.000193 seconds.
  path: Assets/Particles/Particle Ribbon by Moonflower Carnivore/Textures/ribbon trail.png
  artifactKey: Guid(8f4fbf9ca674db744bb196d21a397aeb) Importer(815301076,1909f56bfc062723c751e8b465ee728b)
Start importing Assets/Particles/Particle Ribbon by Moonflower Carnivore/Textures/ribbon trail.png using Guid(8f4fbf9ca674db744bb196d21a397aeb) Importer(815301076,1909f56bfc062723c751e8b465ee728b)  -> (artifact id: 'bbf8f4e2a597810645eb71fabfd08bd1') in 0.017446 seconds
  Import took 0.019736 seconds .

========================================================================
Received Import Request.
  Time since last request: 0.592280 seconds.
  path: Assets/Particles/Particle Ribbon by Moonflower Carnivore/Textures/test_character.png
  artifactKey: Guid(8e9c6a7df9826ce40a7d57e4b967dc54) Importer(815301076,1909f56bfc062723c751e8b465ee728b)
Start importing Assets/Particles/Particle Ribbon by Moonflower Carnivore/Textures/test_character.png using Guid(8e9c6a7df9826ce40a7d57e4b967dc54) Importer(815301076,1909f56bfc062723c751e8b465ee728b)  -> (artifact id: 'b4eb536eff053d482b7878eb3d657721') in 0.007421 seconds
  Import took 0.009302 seconds .

========================================================================
Received Import Request.
  Time since last request: 5.065182 seconds.
  path: Assets/Particles/Particle Ribbon by Moonflower Carnivore/Prefabs
  artifactKey: Guid(822c94bc47009e2409b4b857f24030f1) Importer(815301076,1909f56bfc062723c751e8b465ee728b)
Start importing Assets/Particles/Particle Ribbon by Moonflower Carnivore/Prefabs using Guid(822c94bc47009e2409b4b857f24030f1) Importer(815301076,1909f56bfc062723c751e8b465ee728b)  -> (artifact id: '937d35f0c416d4b1f2f0ce47afa46c00') in 0.005582 seconds
  Import took 0.007643 seconds .

========================================================================
Received Import Request.
  Time since last request: 0.000256 seconds.
  path: Assets/Particles/Particle Ribbon by Moonflower Carnivore/Prefabs
  artifactKey: Guid(822c94bc47009e2409b4b857f24030f1) Importer(815301076,1909f56bfc062723c751e8b465ee728b)
Start importing Assets/Particles/Particle Ribbon by Moonflower Carnivore/Prefabs using Guid(822c94bc47009e2409b4b857f24030f1) Importer(815301076,1909f56bfc062723c751e8b465ee728b)  -> (artifact id: '937d35f0c416d4b1f2f0ce47afa46c00') in 0.001814 seconds
  Import took 0.003824 seconds .

========================================================================
Received Import Request.
  Time since last request: 64.873380 seconds.
  path: Assets/Particles/Particle Ribbon by Moonflower Carnivore/Prefabs/Charge_02.1.prefab
  artifactKey: Guid(ebf9cc577b34f514c8ec790bec0af3e3) Importer(815301076,1909f56bfc062723c751e8b465ee728b)
Start importing Assets/Particles/Particle Ribbon by Moonflower Carnivore/Prefabs/Charge_02.1.prefab using Guid(ebf9cc577b34f514c8ec790bec0af3e3) Importer(815301076,1909f56bfc062723c751e8b465ee728b)  -> (artifact id: 'ade0da929bf24d213f6217a93c07a1c5') in 0.007692 seconds
  Import took 0.010282 seconds .

========================================================================
Received Import Request.
  Time since last request: 0.028769 seconds.
  path: Assets/Particles/Particle Ribbon by Moonflower Carnivore/Prefabs/Charge_02.2.prefab
  artifactKey: Guid(073f2d7207c2a664f921850c7e8783db) Importer(815301076,1909f56bfc062723c751e8b465ee728b)
Start importing Assets/Particles/Particle Ribbon by Moonflower Carnivore/Prefabs/Charge_02.2.prefab using Guid(073f2d7207c2a664f921850c7e8783db) Importer(815301076,1909f56bfc062723c751e8b465ee728b)  -> (artifact id: '0bc91aef191626581283f1c86c354ea1') in 0.007482 seconds
  Import took 0.009772 seconds .

========================================================================
Received Import Request.
  Time since last request: 0.036162 seconds.
  path: Assets/Particles/Particle Ribbon by Moonflower Carnivore/Prefabs/Charge_02.prefab
  artifactKey: Guid(7c22cd57a15e6fb479c6d3b3c4060e88) Importer(815301076,1909f56bfc062723c751e8b465ee728b)
Start importing Assets/Particles/Particle Ribbon by Moonflower Carnivore/Prefabs/Charge_02.prefab using Guid(7c22cd57a15e6fb479c6d3b3c4060e88) Importer(815301076,1909f56bfc062723c751e8b465ee728b)  -> (artifact id: '27eda5582c011ddc7c5baa5b4700c0e3') in 0.008057 seconds
  Import took 0.010364 seconds .

========================================================================
Received Import Request.
  Time since last request: 54.116719 seconds.
  path: Assets/Particles/Particle Ribbon by Moonflower Carnivore/Prefabs/Charge_03.1 Rave Party.prefab
  artifactKey: Guid(a038b6842bf8b8c48978a6ca7ff191ed) Importer(815301076,1909f56bfc062723c751e8b465ee728b)
Start importing Assets/Particles/Particle Ribbon by Moonflower Carnivore/Prefabs/Charge_03.1 Rave Party.prefab using Guid(a038b6842bf8b8c48978a6ca7ff191ed) Importer(815301076,1909f56bfc062723c751e8b465ee728b)  -> (artifact id: 'ee036909c3cee08184ba8c20de57c156') in 0.006666 seconds
  Import took 0.009126 seconds .

========================================================================
Received Import Request.
  Time since last request: 7.768018 seconds.
  path: Assets/Particles/Particle Ribbon by Moonflower Carnivore/Prefabs/Charge_03.prefab
  artifactKey: Guid(c17963bbb4ed8bb43ab629df2aa6f6fb) Importer(815301076,1909f56bfc062723c751e8b465ee728b)
Start importing Assets/Particles/Particle Ribbon by Moonflower Carnivore/Prefabs/Charge_03.prefab using Guid(c17963bbb4ed8bb43ab629df2aa6f6fb) Importer(815301076,1909f56bfc062723c751e8b465ee728b)  -> (artifact id: '8971bdc3b18f9cf4e8f207fcfdb7f00f') in 0.007074 seconds
  Import took 0.009459 seconds .

========================================================================
Received Import Request.
  Time since last request: 0.000809 seconds.
  path: Assets/Particles/Particle Ribbon by Moonflower Carnivore/Prefabs/Charge_03.prefab
  artifactKey: Guid(c17963bbb4ed8bb43ab629df2aa6f6fb) Importer(815301076,1909f56bfc062723c751e8b465ee728b)
Start importing Assets/Particles/Particle Ribbon by Moonflower Carnivore/Prefabs/Charge_03.prefab using Guid(c17963bbb4ed8bb43ab629df2aa6f6fb) Importer(815301076,1909f56bfc062723c751e8b465ee728b)  -> (artifact id: '8971bdc3b18f9cf4e8f207fcfdb7f00f') in 0.003923 seconds
  Import took 0.006530 seconds .

========================================================================
Received Import Request.
  Time since last request: 0.034229 seconds.
  path: Assets/Particles/Particle Ribbon by Moonflower Carnivore/Prefabs/Drag_01 Warp-strike Noise.prefab
  artifactKey: Guid(22cfde83280f83746836923e3e5ac64a) Importer(815301076,1909f56bfc062723c751e8b465ee728b)
Start importing Assets/Particles/Particle Ribbon by Moonflower Carnivore/Prefabs/Drag_01 Warp-strike Noise.prefab using Guid(22cfde83280f83746836923e3e5ac64a) Importer(815301076,1909f56bfc062723c751e8b465ee728b)  -> (artifact id: '7a5f518dddff3d3c0e304e4ad806590e') in 0.016262 seconds
  Import took 0.018572 seconds .

========================================================================
Received Import Request.
  Time since last request: 0.000157 seconds.
  path: Assets/Particles/Particle Ribbon by Moonflower Carnivore/Prefabs/Liberate_01.1 Dual Ribbon.prefab
  artifactKey: Guid(9b76ca16778282d43b0dcb458f08802b) Importer(815301076,1909f56bfc062723c751e8b465ee728b)
Start importing Assets/Particles/Particle Ribbon by Moonflower Carnivore/Prefabs/Liberate_01.1 Dual Ribbon.prefab using Guid(9b76ca16778282d43b0dcb458f08802b) Importer(815301076,1909f56bfc062723c751e8b465ee728b)  -> (artifact id: '7e823e4e3bd678fc0ee3ea959926f38b') in 0.007304 seconds
  Import took 0.009325 seconds .

========================================================================
Received Import Request.
  Time since last request: 0.000143 seconds.
  path: Assets/Particles/Particle Ribbon by Moonflower Carnivore/Prefabs/Liberate_01.prefab
  artifactKey: Guid(5c175b754ee603c47a5fbe48aff5d65b) Importer(815301076,1909f56bfc062723c751e8b465ee728b)
Start importing Assets/Particles/Particle Ribbon by Moonflower Carnivore/Prefabs/Liberate_01.prefab using Guid(5c175b754ee603c47a5fbe48aff5d65b) Importer(815301076,1909f56bfc062723c751e8b465ee728b)  -> (artifact id: 'b0807f6dde8d605641ff71a6b7561d9a') in 0.008675 seconds
  Import took 0.011377 seconds .

========================================================================
Received Import Request.
  Time since last request: 0.000173 seconds.
  path: Assets/Particles/Particle Ribbon by Moonflower Carnivore/Prefabs/Liberate_01.1.1 Dual Ribbon.prefab
  artifactKey: Guid(ed27e61ea1a83e64fb6c3472640c846f) Importer(815301076,1909f56bfc062723c751e8b465ee728b)
Start importing Assets/Particles/Particle Ribbon by Moonflower Carnivore/Prefabs/Liberate_01.1.1 Dual Ribbon.prefab using Guid(ed27e61ea1a83e64fb6c3472640c846f) Importer(815301076,1909f56bfc062723c751e8b465ee728b)  -> (artifact id: 'f2f374c7e682a4b271f642b57a446730') in 0.008484 seconds
  Import took 0.010996 seconds .

========================================================================
Received Import Request.
  Time since last request: 0.206490 seconds.
  path: Assets/Particles/Particle Ribbon by Moonflower Carnivore/Prefabs/Liberate_02 Butterfly.prefab
  artifactKey: Guid(24714939b6d6b0848a23dbabb24615c0) Importer(815301076,1909f56bfc062723c751e8b465ee728b)
Start importing Assets/Particles/Particle Ribbon by Moonflower Carnivore/Prefabs/Liberate_02 Butterfly.prefab using Guid(24714939b6d6b0848a23dbabb24615c0) Importer(815301076,1909f56bfc062723c751e8b465ee728b)  -> (artifact id: '515bdf2e8b91c01ca68c25726f3e8319') in 0.007183 seconds
  Import took 0.009705 seconds .

========================================================================
Received Import Request.
  Time since last request: 0.017926 seconds.
  path: Assets/Particles/Particle Ribbon by Moonflower Carnivore/Prefabs/Liberate_02.1.1 Smoke.prefab
  artifactKey: Guid(046853cc0b2b7a7429cfdec1915e1640) Importer(815301076,1909f56bfc062723c751e8b465ee728b)
Start importing Assets/Particles/Particle Ribbon by Moonflower Carnivore/Prefabs/Liberate_02.1.1 Smoke.prefab using Guid(046853cc0b2b7a7429cfdec1915e1640) Importer(815301076,1909f56bfc062723c751e8b465ee728b)  -> (artifact id: '4efdb88f918815aabe70e318be9bc408') in 0.007834 seconds
  Import took 0.010277 seconds .

========================================================================
Received Import Request.
  Time since last request: 0.000217 seconds.
  path: Assets/Particles/Particle Ribbon by Moonflower Carnivore/Prefabs/Liberate_02.1.2 Smoke Noise.prefab
  artifactKey: Guid(222eb84c209dc0c4b833bfce66d69d54) Importer(815301076,1909f56bfc062723c751e8b465ee728b)
Start importing Assets/Particles/Particle Ribbon by Moonflower Carnivore/Prefabs/Liberate_02.1.2 Smoke Noise.prefab using Guid(222eb84c209dc0c4b833bfce66d69d54) Importer(815301076,1909f56bfc062723c751e8b465ee728b)  -> (artifact id: '4fab11334a9984ed7922454de558961c') in 0.007047 seconds
  Import took 0.010218 seconds .

========================================================================
Received Import Request.
  Time since last request: 0.000291 seconds.
  path: Assets/Particles/Particle Ribbon by Moonflower Carnivore/Prefabs/Liberate_02.1.3 Smoke Noise trail.prefab
  artifactKey: Guid(9c325b962bbbf044b8c70186b0d753f6) Importer(815301076,1909f56bfc062723c751e8b465ee728b)
Start importing Assets/Particles/Particle Ribbon by Moonflower Carnivore/Prefabs/Liberate_02.1.3 Smoke Noise trail.prefab using Guid(9c325b962bbbf044b8c70186b0d753f6) Importer(815301076,1909f56bfc062723c751e8b465ee728b)  -> (artifact id: '9cda20efdfa169e0681fe9502c8f20aa') in 0.007418 seconds
  Import took 0.009725 seconds .

========================================================================
Received Import Request.
  Time since last request: 0.000233 seconds.
  path: Assets/Particles/Particle Ribbon by Moonflower Carnivore/Prefabs/Liberate_02.1.prefab
  artifactKey: Guid(9b7dd4ad1de43e843ab5041fd9ced9f8) Importer(815301076,1909f56bfc062723c751e8b465ee728b)
Start importing Assets/Particles/Particle Ribbon by Moonflower Carnivore/Prefabs/Liberate_02.1.prefab using Guid(9b7dd4ad1de43e843ab5041fd9ced9f8) Importer(815301076,1909f56bfc062723c751e8b465ee728b)  -> (artifact id: 'f36993dec78d845d335b9e0024340d2c') in 0.007597 seconds
  Import took 0.010120 seconds .

========================================================================
Received Import Request.
  Time since last request: 0.000275 seconds.
  path: Assets/Particles/Particle Ribbon by Moonflower Carnivore/Prefabs/Liberate_02.2 Seaweed.prefab
  artifactKey: Guid(a0c033842badc44499cd942553067136) Importer(815301076,1909f56bfc062723c751e8b465ee728b)
Start importing Assets/Particles/Particle Ribbon by Moonflower Carnivore/Prefabs/Liberate_02.2 Seaweed.prefab using Guid(a0c033842badc44499cd942553067136) Importer(815301076,1909f56bfc062723c751e8b465ee728b)  -> (artifact id: 'b99ff6cd4bd64994101b2ad5308c50dd') in 0.007590 seconds
  Import took 0.009937 seconds .

========================================================================
Received Import Request.
  Time since last request: 0.000177 seconds.
  path: Assets/Particles/Particle Ribbon by Moonflower Carnivore/Prefabs/Liberate_02.1.prefab
  artifactKey: Guid(9b7dd4ad1de43e843ab5041fd9ced9f8) Importer(815301076,1909f56bfc062723c751e8b465ee728b)
Start importing Assets/Particles/Particle Ribbon by Moonflower Carnivore/Prefabs/Liberate_02.1.prefab using Guid(9b7dd4ad1de43e843ab5041fd9ced9f8) Importer(815301076,1909f56bfc062723c751e8b465ee728b)  -> (artifact id: 'f36993dec78d845d335b9e0024340d2c') in 0.003762 seconds
  Import took 0.006389 seconds .

========================================================================
Received Import Request.
  Time since last request: 0.000269 seconds.
  path: Assets/Particles/Particle Ribbon by Moonflower Carnivore/Prefabs/Liberate_02.1.1 Smoke.prefab
  artifactKey: Guid(046853cc0b2b7a7429cfdec1915e1640) Importer(815301076,1909f56bfc062723c751e8b465ee728b)
Start importing Assets/Particles/Particle Ribbon by Moonflower Carnivore/Prefabs/Liberate_02.1.1 Smoke.prefab using Guid(046853cc0b2b7a7429cfdec1915e1640) Importer(815301076,1909f56bfc062723c751e8b465ee728b)  -> (artifact id: '4efdb88f918815aabe70e318be9bc408') in 0.004232 seconds
  Import took 0.006870 seconds .

========================================================================
Received Import Request.
  Time since last request: 0.000168 seconds.
  path: Assets/Particles/Particle Ribbon by Moonflower Carnivore/Prefabs/Liberate_02.1.2 Smoke Noise.prefab
  artifactKey: Guid(222eb84c209dc0c4b833bfce66d69d54) Importer(815301076,1909f56bfc062723c751e8b465ee728b)
Start importing Assets/Particles/Particle Ribbon by Moonflower Carnivore/Prefabs/Liberate_02.1.2 Smoke Noise.prefab using Guid(222eb84c209dc0c4b833bfce66d69d54) Importer(815301076,1909f56bfc062723c751e8b465ee728b)  -> (artifact id: '4fab11334a9984ed7922454de558961c') in 0.004163 seconds
  Import took 0.006247 seconds .

========================================================================
Received Import Request.
  Time since last request: 0.166112 seconds.
  path: Assets/Particles/Particle Ribbon by Moonflower Carnivore/Prefabs/Liberate_02.3 ink sink.prefab
  artifactKey: Guid(721828800f41bb840b0b3916d19228f5) Importer(815301076,1909f56bfc062723c751e8b465ee728b)
Start importing Assets/Particles/Particle Ribbon by Moonflower Carnivore/Prefabs/Liberate_02.3 ink sink.prefab using Guid(721828800f41bb840b0b3916d19228f5) Importer(815301076,1909f56bfc062723c751e8b465ee728b)  -> (artifact id: '8e016b24d4caee8df2b8a66d7bc7b986') in 0.006788 seconds
  Import took 0.009218 seconds .

========================================================================
Received Import Request.
  Time since last request: 0.000141 seconds.
  path: Assets/Particles/Particle Ribbon by Moonflower Carnivore/Prefabs/Liberate_03 Megido.prefab
  artifactKey: Guid(b82449563c8abbc47955dd85ec1c8048) Importer(815301076,1909f56bfc062723c751e8b465ee728b)
Start importing Assets/Particles/Particle Ribbon by Moonflower Carnivore/Prefabs/Liberate_03 Megido.prefab using Guid(b82449563c8abbc47955dd85ec1c8048) Importer(815301076,1909f56bfc062723c751e8b465ee728b)  -> (artifact id: '4fbc0204c67d98485f40f8bcb42958db') in 0.023294 seconds
  Import took 0.025620 seconds .

========================================================================
Received Import Request.
  Time since last request: 0.000256 seconds.
  path: Assets/Particles/Particle Ribbon by Moonflower Carnivore/Prefabs/Liberate_04.1 Darkness.prefab
  artifactKey: Guid(6e98c279586111a44a36697e55a54ddc) Importer(815301076,1909f56bfc062723c751e8b465ee728b)
Start importing Assets/Particles/Particle Ribbon by Moonflower Carnivore/Prefabs/Liberate_04.1 Darkness.prefab using Guid(6e98c279586111a44a36697e55a54ddc) Importer(815301076,1909f56bfc062723c751e8b465ee728b)  -> (artifact id: '131ba9931b7a3655e628125f787ce644') in 0.007820 seconds
  Import took 0.010843 seconds .

========================================================================
Received Import Request.
  Time since last request: 0.000160 seconds.
  path: Assets/Particles/Particle Ribbon by Moonflower Carnivore/Prefabs/Liberate_05.2 Fairydust Noise.prefab
  artifactKey: Guid(633191961f9a8314697e96499a6b3a35) Importer(815301076,1909f56bfc062723c751e8b465ee728b)
Start importing Assets/Particles/Particle Ribbon by Moonflower Carnivore/Prefabs/Liberate_05.2 Fairydust Noise.prefab using Guid(633191961f9a8314697e96499a6b3a35) Importer(815301076,1909f56bfc062723c751e8b465ee728b)  -> (artifact id: '74a191716e457d3c186e6bb07e67cdd4') in 0.008172 seconds
  Import took 0.010617 seconds .

========================================================================
Received Import Request.
  Time since last request: 0.000236 seconds.
  path: Assets/Particles/Particle Ribbon by Moonflower Carnivore/Prefabs/Liberate_02.3 ink sink.prefab
  artifactKey: Guid(721828800f41bb840b0b3916d19228f5) Importer(815301076,1909f56bfc062723c751e8b465ee728b)
Start importing Assets/Particles/Particle Ribbon by Moonflower Carnivore/Prefabs/Liberate_02.3 ink sink.prefab using Guid(721828800f41bb840b0b3916d19228f5) Importer(815301076,1909f56bfc062723c751e8b465ee728b)  -> (artifact id: '8e016b24d4caee8df2b8a66d7bc7b986') in 0.003694 seconds
  Import took 0.006006 seconds .

========================================================================
Received Import Request.
  Time since last request: 0.000141 seconds.
  path: Assets/Particles/Particle Ribbon by Moonflower Carnivore/Prefabs/Liberate_04.1 Darkness.prefab
  artifactKey: Guid(6e98c279586111a44a36697e55a54ddc) Importer(815301076,1909f56bfc062723c751e8b465ee728b)
Start importing Assets/Particles/Particle Ribbon by Moonflower Carnivore/Prefabs/Liberate_04.1 Darkness.prefab using Guid(6e98c279586111a44a36697e55a54ddc) Importer(815301076,1909f56bfc062723c751e8b465ee728b)  -> (artifact id: '131ba9931b7a3655e628125f787ce644') in 0.004775 seconds
  Import took 0.007272 seconds .

========================================================================
Received Import Request.
  Time since last request: 0.000181 seconds.
  path: Assets/Particles/Particle Ribbon by Moonflower Carnivore/Prefabs/Liberate_03 Megido.prefab
  artifactKey: Guid(b82449563c8abbc47955dd85ec1c8048) Importer(815301076,1909f56bfc062723c751e8b465ee728b)
Start importing Assets/Particles/Particle Ribbon by Moonflower Carnivore/Prefabs/Liberate_03 Megido.prefab using Guid(b82449563c8abbc47955dd85ec1c8048) Importer(815301076,1909f56bfc062723c751e8b465ee728b)  -> (artifact id: '4fbc0204c67d98485f40f8bcb42958db') in 0.009078 seconds
  Import took 0.011870 seconds .

========================================================================
Received Import Request.
  Time since last request: 0.000153 seconds.
  path: Assets/Particles/Particle Ribbon by Moonflower Carnivore/Prefabs/Liberate_04.2 Darkness.prefab
  artifactKey: Guid(d7bef4a7a970f0b4ca3fcda740f48f48) Importer(815301076,1909f56bfc062723c751e8b465ee728b)
Start importing Assets/Particles/Particle Ribbon by Moonflower Carnivore/Prefabs/Liberate_04.2 Darkness.prefab using Guid(d7bef4a7a970f0b4ca3fcda740f48f48) Importer(815301076,1909f56bfc062723c751e8b465ee728b)  -> (artifact id: '8c701dca6d0883c70e4b34752a5ae49d') in 0.008696 seconds
  Import took 0.011271 seconds .

========================================================================
Received Import Request.
  Time since last request: 0.000284 seconds.
  path: Assets/Particles/Particle Ribbon by Moonflower Carnivore/Prefabs/Liberate_04.3 Darkness quick.prefab
  artifactKey: Guid(a716a4964e991f04288cf251ff85bd89) Importer(815301076,1909f56bfc062723c751e8b465ee728b)
Start importing Assets/Particles/Particle Ribbon by Moonflower Carnivore/Prefabs/Liberate_04.3 Darkness quick.prefab using Guid(a716a4964e991f04288cf251ff85bd89) Importer(815301076,1909f56bfc062723c751e8b465ee728b)  -> (artifact id: '89ca7ea45856d790430c7f47cf15e282') in 0.008582 seconds
  Import took 0.010941 seconds .

========================================================================
Received Import Request.
  Time since last request: 0.000251 seconds.
  path: Assets/Particles/Particle Ribbon by Moonflower Carnivore/Prefabs/Liberate_05 Fairydust.prefab
  artifactKey: Guid(39d083a5f8e95874fb6aa07cb8a3beb2) Importer(815301076,1909f56bfc062723c751e8b465ee728b)
Start importing Assets/Particles/Particle Ribbon by Moonflower Carnivore/Prefabs/Liberate_05 Fairydust.prefab using Guid(39d083a5f8e95874fb6aa07cb8a3beb2) Importer(815301076,1909f56bfc062723c751e8b465ee728b)  -> (artifact id: '4a096a33dd95cfc688a4e8351e9a21c1') in 0.008038 seconds
  Import took 0.010629 seconds .

========================================================================
Received Import Request.
  Time since last request: 0.000142 seconds.
  path: Assets/Particles/Particle Ribbon by Moonflower Carnivore/Prefabs/Liberate_05.1 Fairydust cheap.prefab
  artifactKey: Guid(d37d5104f2717d34c84d3acbf55785fb) Importer(815301076,1909f56bfc062723c751e8b465ee728b)
Start importing Assets/Particles/Particle Ribbon by Moonflower Carnivore/Prefabs/Liberate_05.1 Fairydust cheap.prefab using Guid(d37d5104f2717d34c84d3acbf55785fb) Importer(815301076,1909f56bfc062723c751e8b465ee728b)  -> (artifact id: 'c6ad6a5b562c788d06c3f8f4f127c7b0') in 0.008878 seconds
  Import took 0.011163 seconds .

========================================================================
Received Import Request.
  Time since last request: 0.001887 seconds.
  path: Assets/Particles/Particle Ribbon by Moonflower Carnivore/Prefabs/Liberate_05.1 Fairydust cheap.prefab
  artifactKey: Guid(d37d5104f2717d34c84d3acbf55785fb) Importer(815301076,1909f56bfc062723c751e8b465ee728b)
Start importing Assets/Particles/Particle Ribbon by Moonflower Carnivore/Prefabs/Liberate_05.1 Fairydust cheap.prefab using Guid(d37d5104f2717d34c84d3acbf55785fb) Importer(815301076,1909f56bfc062723c751e8b465ee728b)  -> (artifact id: 'c6ad6a5b562c788d06c3f8f4f127c7b0') in 0.004541 seconds
  Import took 0.007357 seconds .

========================================================================
Received Import Request.
  Time since last request: 13.509862 seconds.
  path: Assets/Particles/Particle Ribbon by Moonflower Carnivore/Prefabs/Projectile_01 Noise.prefab
  artifactKey: Guid(59df0f563f95c764e87867ff8ddcdb83) Importer(815301076,1909f56bfc062723c751e8b465ee728b)
Start importing Assets/Particles/Particle Ribbon by Moonflower Carnivore/Prefabs/Projectile_01 Noise.prefab using Guid(59df0f563f95c764e87867ff8ddcdb83) Importer(815301076,1909f56bfc062723c751e8b465ee728b)  -> (artifact id: '3416e3e32df1dac89baa52ca7fc3dc7b') in 0.007868 seconds
  Import took 0.010453 seconds .

========================================================================
Received Import Request.
  Time since last request: 0.000179 seconds.
  path: Assets/Particles/Particle Ribbon by Moonflower Carnivore/Prefabs/Spiral_01.1 Tornado.prefab
  artifactKey: Guid(1dbd11d2ca3f29640b6bd21d7b6393d2) Importer(815301076,1909f56bfc062723c751e8b465ee728b)
Start importing Assets/Particles/Particle Ribbon by Moonflower Carnivore/Prefabs/Spiral_01.1 Tornado.prefab using Guid(1dbd11d2ca3f29640b6bd21d7b6393d2) Importer(815301076,1909f56bfc062723c751e8b465ee728b)  -> (artifact id: 'b527bd689b5826c056a914eaf4f5f4c6') in 0.006762 seconds
  Import took 0.008805 seconds .

========================================================================
Received Import Request.
  Time since last request: 0.053259 seconds.
  path: Assets/Particles/Particle Ribbon by Moonflower Carnivore/Prefabs/Spiral_01.2 Tornado tall.prefab
  artifactKey: Guid(d18380a6098943a4a879b5a0f3826c9d) Importer(815301076,1909f56bfc062723c751e8b465ee728b)
Start importing Assets/Particles/Particle Ribbon by Moonflower Carnivore/Prefabs/Spiral_01.2 Tornado tall.prefab using Guid(d18380a6098943a4a879b5a0f3826c9d) Importer(815301076,1909f56bfc062723c751e8b465ee728b)  -> (artifact id: '3585cc5b47c9d36d5d051f38aab9b7d4') in 0.008781 seconds
  Import took 0.011814 seconds .

========================================================================
Received Import Request.
  Time since last request: 0.033765 seconds.
  path: Assets/Particles/Particle Ribbon by Moonflower Carnivore/Prefabs/Spiral_01.3 Tornado area.prefab
  artifactKey: Guid(3d4e8c42ed9e3e64aa57dd5fd160611f) Importer(815301076,1909f56bfc062723c751e8b465ee728b)
Start importing Assets/Particles/Particle Ribbon by Moonflower Carnivore/Prefabs/Spiral_01.3 Tornado area.prefab using Guid(3d4e8c42ed9e3e64aa57dd5fd160611f) Importer(815301076,1909f56bfc062723c751e8b465ee728b)  -> (artifact id: 'bd1f96d7e661c0245ccbe8ef9ea1fdb0') in 0.008188 seconds
  Import took 0.011174 seconds .

========================================================================
Received Import Request.
  Time since last request: 21.210737 seconds.
  path: Assets/Particles/Particle Ribbon by Moonflower Carnivore/Prefabs/Spiral_02.1.2 Fairydust.prefab
  artifactKey: Guid(7210ff34512b3a547bb82851f8d81172) Importer(815301076,1909f56bfc062723c751e8b465ee728b)
Start importing Assets/Particles/Particle Ribbon by Moonflower Carnivore/Prefabs/Spiral_02.1.2 Fairydust.prefab using Guid(7210ff34512b3a547bb82851f8d81172) Importer(815301076,1909f56bfc062723c751e8b465ee728b)  -> (artifact id: 'eebb901e0ee4646e69a0bb9ce26ede3a') in 0.008009 seconds
  Import took 0.011397 seconds .

========================================================================
Received Import Request.
  Time since last request: 0.003882 seconds.
  path: Assets/Particles/Particle Ribbon by Moonflower Carnivore/Prefabs/Spiral_02.1.2 Fairydust.prefab
  artifactKey: Guid(7210ff34512b3a547bb82851f8d81172) Importer(815301076,1909f56bfc062723c751e8b465ee728b)
Start importing Assets/Particles/Particle Ribbon by Moonflower Carnivore/Prefabs/Spiral_02.1.2 Fairydust.prefab using Guid(7210ff34512b3a547bb82851f8d81172) Importer(815301076,1909f56bfc062723c751e8b465ee728b)  -> (artifact id: 'eebb901e0ee4646e69a0bb9ce26ede3a') in 0.003552 seconds
  Import took 0.005975 seconds .

========================================================================
Received Import Request.
  Time since last request: 0.000174 seconds.
  path: Assets/Particles/Particle Ribbon by Moonflower Carnivore/Prefabs/Spiral_02.1.3 Noise.prefab
  artifactKey: Guid(290c7afb0a247d64ba31f4fb85b73165) Importer(815301076,1909f56bfc062723c751e8b465ee728b)
Start importing Assets/Particles/Particle Ribbon by Moonflower Carnivore/Prefabs/Spiral_02.1.3 Noise.prefab using Guid(290c7afb0a247d64ba31f4fb85b73165) Importer(815301076,1909f56bfc062723c751e8b465ee728b)  -> (artifact id: '834cbf5d0af76425b86b93c4e8677fe0') in 0.008293 seconds
  Import took 0.011197 seconds .

========================================================================
Received Import Request.
  Time since last request: 0.008113 seconds.
  path: Assets/Particles/Particle Ribbon by Moonflower Carnivore/Prefabs/Spiral_02.1.3 Noise.prefab
  artifactKey: Guid(290c7afb0a247d64ba31f4fb85b73165) Importer(815301076,1909f56bfc062723c751e8b465ee728b)
Start importing Assets/Particles/Particle Ribbon by Moonflower Carnivore/Prefabs/Spiral_02.1.3 Noise.prefab using Guid(290c7afb0a247d64ba31f4fb85b73165) Importer(815301076,1909f56bfc062723c751e8b465ee728b)  -> (artifact id: '834cbf5d0af76425b86b93c4e8677fe0') in 0.004394 seconds
  Import took 0.007505 seconds .

========================================================================
Received Import Request.
  Time since last request: 14.745576 seconds.
  path: Assets/Particles/Particle Ribbon by Moonflower Carnivore/Prefabs/Spiral_02.1.3 Portal.prefab
  artifactKey: Guid(303fa73578986ac4a82283eeb1edc654) Importer(815301076,1909f56bfc062723c751e8b465ee728b)
Start importing Assets/Particles/Particle Ribbon by Moonflower Carnivore/Prefabs/Spiral_02.1.3 Portal.prefab using Guid(303fa73578986ac4a82283eeb1edc654) Importer(815301076,1909f56bfc062723c751e8b465ee728b)  -> (artifact id: 'e355a3f08b7827ccfc9a08fe0a3e3002') in 0.008722 seconds
  Import took 0.011538 seconds .

========================================================================
Received Import Request.
  Time since last request: 0.000389 seconds.
  path: Assets/Particles/Particle Ribbon by Moonflower Carnivore/Prefabs/Spiral_02.1.prefab
  artifactKey: Guid(b5ea624fac4bcb44f96ad51d3745727e) Importer(815301076,1909f56bfc062723c751e8b465ee728b)
Start importing Assets/Particles/Particle Ribbon by Moonflower Carnivore/Prefabs/Spiral_02.1.prefab using Guid(b5ea624fac4bcb44f96ad51d3745727e) Importer(815301076,1909f56bfc062723c751e8b465ee728b)  -> (artifact id: 'fe150d311d67d1bb8401648f0338ca99') in 0.009919 seconds
  Import took 0.013689 seconds .

========================================================================
Received Import Request.
  Time since last request: 0.011470 seconds.
  path: Assets/Particles/Particle Ribbon by Moonflower Carnivore/Prefabs/Spiral_02.2 Six.prefab
  artifactKey: Guid(0d500c5e8ad781840a06fc8f512f27ca) Importer(815301076,1909f56bfc062723c751e8b465ee728b)
Start importing Assets/Particles/Particle Ribbon by Moonflower Carnivore/Prefabs/Spiral_02.2 Six.prefab using Guid(0d500c5e8ad781840a06fc8f512f27ca) Importer(815301076,1909f56bfc062723c751e8b465ee728b)  -> (artifact id: '0146c107e7e752860f0c8f5c672f8c2c') in 0.007896 seconds
  Import took 0.010723 seconds .

========================================================================
Received Import Request.
  Time since last request: 0.011831 seconds.
  path: Assets/Particles/Particle Ribbon by Moonflower Carnivore/Prefabs/Spiral_02.3 Domain.prefab
  artifactKey: Guid(07646d420e43aea44892c3a6320a52ed) Importer(815301076,1909f56bfc062723c751e8b465ee728b)
Start importing Assets/Particles/Particle Ribbon by Moonflower Carnivore/Prefabs/Spiral_02.3 Domain.prefab using Guid(07646d420e43aea44892c3a6320a52ed) Importer(815301076,1909f56bfc062723c751e8b465ee728b)  -> (artifact id: 'e86200d976310f21215054c24a3442e5') in 0.010717 seconds
  Import took 0.013969 seconds .

========================================================================
Received Import Request.
  Time since last request: 0.000223 seconds.
  path: Assets/Particles/Particle Ribbon by Moonflower Carnivore/Prefabs/Spiral_02.5 Tentacle point.prefab
  artifactKey: Guid(acfea269b5aec3142aeec88a60895c02) Importer(815301076,1909f56bfc062723c751e8b465ee728b)
Start importing Assets/Particles/Particle Ribbon by Moonflower Carnivore/Prefabs/Spiral_02.5 Tentacle point.prefab using Guid(acfea269b5aec3142aeec88a60895c02) Importer(815301076,1909f56bfc062723c751e8b465ee728b)  -> (artifact id: '53b58c67cd5be40707f54b51ca3d4bcd') in 0.017514 seconds
  Import took 0.021001 seconds .

========================================================================
Received Import Request.
  Time since last request: 0.000174 seconds.
  path: Assets/Particles/Particle Ribbon by Moonflower Carnivore/Prefabs/Spiral_02.4 Domain.prefab
  artifactKey: Guid(5f20420a36c817f4f8328369cb4883a8) Importer(815301076,1909f56bfc062723c751e8b465ee728b)
Start importing Assets/Particles/Particle Ribbon by Moonflower Carnivore/Prefabs/Spiral_02.4 Domain.prefab using Guid(5f20420a36c817f4f8328369cb4883a8) Importer(815301076,1909f56bfc062723c751e8b465ee728b)  -> (artifact id: 'e7cb8568b5455d13ea3a538990431467') in 0.009525 seconds
  Import took 0.012490 seconds .

========================================================================
Received Import Request.
  Time since last request: 0.158539 seconds.
  path: Assets/Particles/Particle Ribbon by Moonflower Carnivore/Prefabs/Spiral_02.5 Tentacle trail.prefab
  artifactKey: Guid(47121ae891ef7614c9f45ce4b4f8fcd6) Importer(815301076,1909f56bfc062723c751e8b465ee728b)
Start importing Assets/Particles/Particle Ribbon by Moonflower Carnivore/Prefabs/Spiral_02.5 Tentacle trail.prefab using Guid(47121ae891ef7614c9f45ce4b4f8fcd6) Importer(815301076,1909f56bfc062723c751e8b465ee728b)  -> (artifact id: '5e66af0998082af66be1f5d157b65fac') in 0.007994 seconds
  Import took 0.011068 seconds .

========================================================================
Received Import Request.
  Time since last request: 0.000187 seconds.
  path: Assets/Particles/Particle Ribbon by Moonflower Carnivore/Prefabs/Spiral_02.5.1 Tentacle point.prefab
  artifactKey: Guid(b29c1c092b2b341438abc1f2b36f1213) Importer(815301076,1909f56bfc062723c751e8b465ee728b)
Start importing Assets/Particles/Particle Ribbon by Moonflower Carnivore/Prefabs/Spiral_02.5.1 Tentacle point.prefab using Guid(b29c1c092b2b341438abc1f2b36f1213) Importer(815301076,1909f56bfc062723c751e8b465ee728b)  -> (artifact id: 'dedea0596537cf32ae13c01e1e2e5400') in 0.010214 seconds
  Import took 0.013131 seconds .

========================================================================
Received Import Request.
  Time since last request: 0.010539 seconds.
  path: Assets/Particles/Particle Ribbon by Moonflower Carnivore/Prefabs/Spiral_02.5.1 Tentacle trail.prefab
  artifactKey: Guid(2a2762eb559a5e24cb94e81034b36a34) Importer(815301076,1909f56bfc062723c751e8b465ee728b)
Start importing Assets/Particles/Particle Ribbon by Moonflower Carnivore/Prefabs/Spiral_02.5.1 Tentacle trail.prefab using Guid(2a2762eb559a5e24cb94e81034b36a34) Importer(815301076,1909f56bfc062723c751e8b465ee728b)  -> (artifact id: 'f8541bc74414af5c9595c41d9becb787') in 0.008179 seconds
  Import took 0.011379 seconds .

========================================================================
Received Import Request.
  Time since last request: 0.011552 seconds.
  path: Assets/Particles/Particle Ribbon by Moonflower Carnivore/Prefabs/Test character.prefab
  artifactKey: Guid(97fc6add231749d43be60e8648cb62ec) Importer(815301076,1909f56bfc062723c751e8b465ee728b)
Start importing Assets/Particles/Particle Ribbon by Moonflower Carnivore/Prefabs/Test character.prefab using Guid(97fc6add231749d43be60e8648cb62ec) Importer(815301076,1909f56bfc062723c751e8b465ee728b)  -> (artifact id: '180bd924e796a49bff8a16ea42b08742') in 0.012196 seconds
  Import took 0.014763 seconds .

========================================================================
Received Prepare
Registering precompiled user dll's ...
Registered in 0.002352 seconds.
Begin MonoManager ReloadAssembly
Native extension for WindowsStandalone target not found
Refreshing native plugins compatible for Editor in 0.27 ms, found 2 plugins.
Preloading 0 native plugins for Editor in 0.00 ms.
Mono: successfully reloaded assembly
- Completed reload, in  0.726 seconds
Platform modules already initialized, skipping
Refreshing native plugins compatible for Editor in 0.29 ms, found 2 plugins.
Preloading 0 native plugins for Editor in 0.00 ms.
Unloading 1388 Unused Serialized files (Serialized files now loaded: 0)
System memory in use before: 84.3 MB.
System memory in use after: 84.4 MB.

Unloading 16 unused Assets to reduce memory usage. Loaded Objects now: 1994.
Total: 1.511800 ms (FindLiveObjects: 0.131600 ms CreateObjectMapping: 0.037300 ms MarkObjects: 1.276500 ms  DeleteObjects: 0.065700 ms)

========================================================================
Received Prepare
Registering precompiled user dll's ...
Registered in 0.002372 seconds.
Begin MonoManager ReloadAssembly
Native extension for WindowsStandalone target not found
Refreshing native plugins compatible for Editor in 0.27 ms, found 2 plugins.
Preloading 0 native plugins for Editor in 0.00 ms.
Mono: successfully reloaded assembly
- Completed reload, in  0.690 seconds
Platform modules already initialized, skipping
Refreshing native plugins compatible for Editor in 0.26 ms, found 2 plugins.
Preloading 0 native plugins for Editor in 0.00 ms.
Unloading 1387 Unused Serialized files (Serialized files now loaded: 0)
System memory in use before: 84.2 MB.
System memory in use after: 84.3 MB.

Unloading 14 unused Assets to reduce memory usage. Loaded Objects now: 1997.
Total: 1.460400 ms (FindLiveObjects: 0.120600 ms CreateObjectMapping: 0.035000 ms MarkObjects: 1.260900 ms  DeleteObjects: 0.043400 ms)

AssetImportWorkerClient::OnTransportError - code=2 error=End of file
